This is pdfTeX, Version 3.14159265-2.6-1.40.17 (TeX Live 2016) (preloaded format=latex 2016.5.22)  13 SEP 2019 14:47
entering extended mode
 restricted \write18 enabled.
 %&-line parsing enabled.
**xcolor-material.ins
(./xcolor-material.ins
LaTeX2e <2016/03/31>
Babel <3.9r> and hyphenation patterns for 83 language(s) loaded.
(/usr/local/texlive/2016/texmf-dist/tex/latex/base/docstrip.tex
\blockLevel=\count79
\emptyLines=\count80
\processedLines=\count81
\commentsRemoved=\count82
\commentsPassed=\count83
\codeLinesPassed=\count84
\TotalprocessedLines=\count85
\TotalcommentsRemoved=\count86
\TotalcommentsPassed=\count87
\TotalcodeLinesPassed=\count88
\NumberOfFiles=\count89
\inFile=\read1
\inputcheck=\read2
\off@0=\count90
\off@1=\count91
\off@2=\count92
\off@3=\count93
\off@4=\count94
\off@5=\count95
\off@6=\count96
\off@7=\count97
\off@8=\count98
\off@9=\count99
\off@10=\count100
\off@11=\count101
\off@12=\count102
\off@13=\count103
\off@14=\count104
\off@15=\count105
\@maxfiles=\count106
\@maxoutfiles=\count107

Utility: `docstrip' 2.5e <2014/09/29>
English documentation    <2014/09/29>

**********************************************************
* This program converts documented macro-files into fast *
* loadable files by stripping off (nearly) all comments! *
**********************************************************

********************************************************
* No Configuration file found, using default settings. *
********************************************************

)

Generating file(s) ./xcolor-material.sty 
\openout0 = `./xcolor-material.sty'.


Processing file xcolor-material.dtx (package) -> xcolor-material.sty
File xcolor-material.dtx ended by \endinput.
Lines  processed: 1216
Comments removed: 705
Comments  passed: 0
Codelines passed: 504

****************************************************
*                                                  *
* To finish the installation you have to move the  *
* following file into a directory searched by TeX: *
*                                                  *
*      xcolor-material.sty                         *
*                                                  *
* To produce the documentation run the file        *
* xcolor-material.dtx through LaTeX.               *
*                                                  *
* Enjoy TeXing with Google Material Colors!        *
*                                                  *
****************************************************
 ) 
Here is how much of TeX's memory you used:
 311 strings out of 493015
 3253 string characters out of 6133377
 58114 words of memory out of 5000000
 3948 multiletter control sequences out of 15000+600000
 3640 words of font info for 14 fonts, out of 8000000 for 9000
 1141 hyphenation exceptions out of 8191
 11i,0n,15p,224b,118s stack positions out of 5000i,500n,10000p,200000b,80000s

No pages of output.
