\BOOKMARK [0][-]{Doc-Start}{\376\377\000P\000A\000R\000T\000\040\000A}{}% 1
\BOOKMARK [0][-]{chapter.1}{\376\377\000M\000e\000a\000s\000u\000r\000e\000m\000e\000n\000t\000s}{}% 2
\BOOKMARK [1][-]{section.1.1}{\376\377\000U\000n\000i\000t\000s\000\040\000o\000f\000\040\000M\000e\000a\000s\000u\000r\000e\000m\000e\000n\000t\000s\000\040\000a\000n\000d\000\040\000s\000y\000s\000t\000e\000m\000s\000\040\000o\000f\000\040\000u\000n\000i\000t\000s}{chapter.1}% 3
\BOOKMARK [1][-]{section.1.2}{\376\377\000P\000r\000e\000f\000i\000x\000e\000s\000\040\000\046\000\040\000C\000o\000n\000v\000e\000r\000s\000i\000o\000n\000\040\000F\000a\000c\000t\000o\000r\000s}{chapter.1}% 4
\BOOKMARK [1][-]{section.1.3}{\376\377\000U\000s\000i\000n\000g\000\040\000C\000o\000n\000v\000e\000r\000s\000i\000o\000n\000\040\000F\000a\000c\000t\000o\000r\000s}{chapter.1}% 5
\BOOKMARK [1][-]{section.1.4}{\376\377\000S\000i\000g\000n\000i\000f\000i\000c\000a\000n\000t\000\040\000F\000i\000g\000u\000r\000e\000s}{chapter.1}% 6
\BOOKMARK [1][-]{section.1.5}{\376\377\000M\000a\000t\000t\000e\000r\000\040\000a\000n\000d\000\040\000d\000e\000n\000s\000i\000t\000y}{chapter.1}% 7
\BOOKMARK [0][-]{chapter.2}{\376\377\000T\000h\000e\000\040\000p\000e\000r\000i\000o\000d\000i\000c\000\040\000t\000a\000b\000l\000e\000:\000\040\000a\000t\000o\000m\000s\000\040\000a\000n\000d\000\040\000E\000l\000e\000m\000e\000n\000t\000s}{}% 8
\BOOKMARK [1][-]{section.2.1}{\376\377\000T\000h\000e\000\040\000p\000e\000r\000i\000o\000d\000i\000c\000\040\000t\000a\000b\000l\000e}{chapter.2}% 9
\BOOKMARK [1][-]{section.2.2}{\376\377\000T\000h\000e\000\040\000a\000t\000o\000m}{chapter.2}% 10
\BOOKMARK [1][-]{section.2.3}{\376\377\000A\000n\000\040\000i\000n\000t\000r\000o\000d\000u\000c\000t\000i\000o\000n\000\040\000t\000o\000\040\000m\000o\000l\000e\000c\000u\000l\000e\000s}{chapter.2}% 11
\BOOKMARK [1][-]{section.2.4}{\376\377\000E\000m\000p\000i\000r\000i\000c\000a\000l\000\040\000a\000n\000d\000\040\000m\000o\000l\000e\000c\000u\000l\000a\000r\000\040\000f\000o\000r\000m\000u\000l\000a\000\040\000o\000f\000\040\000a\000\040\000c\000h\000e\000m\000i\000c\000a\000l}{chapter.2}% 12
\BOOKMARK [1][-]{section.2.5}{\376\377\000D\000e\000t\000e\000r\000m\000i\000n\000i\000n\000g\000\040\000e\000m\000p\000i\000r\000i\000c\000a\000l\000\040\000f\000o\000r\000m\000u\000l\000a\000s}{chapter.2}% 13
\BOOKMARK [0][-]{Item.283}{\376\377\000R\000e\000v\000i\000e\000w\000-\000Q\000u\000i\000z\000z}{}% 14
\BOOKMARK [0][-]{Item.404}{\376\377\000P\000A\000R\000T\000\040\000B}{}% 15
\BOOKMARK [0][-]{chapter.3}{\376\377\000C\000h\000e\000m\000i\000c\000a\000l\000\040\000n\000a\000m\000i\000n\000g\000\040}{}% 16
\BOOKMARK [1][-]{section.3.1}{\376\377\000I\000o\000n\000s\000\040\000\046\000\040\000i\000o\000n\000i\000c\000\040\000c\000h\000a\000r\000g\000e\000s}{chapter.3}% 17
\BOOKMARK [1][-]{section.3.2}{\376\377\000C\000o\000v\000a\000l\000e\000n\000t\000\040\000c\000o\000m\000p\000o\000u\000n\000d\000s}{chapter.3}% 18
\BOOKMARK [1][-]{section.3.3}{\376\377\000I\000o\000n\000i\000c\000\040\000c\000o\000m\000p\000o\000u\000n\000d\000s}{chapter.3}% 19
\BOOKMARK [1][-]{section.3.4}{\376\377\000N\000a\000m\000i\000n\000g\000\040\000a\000c\000i\000d\000s\000\040\000\046\000\040\000b\000a\000s\000e\000s}{chapter.3}% 20
\BOOKMARK [1][-]{section.3.5}{\376\377\000N\000a\000m\000i\000n\000g\000\040\000o\000f\000\040\000o\000x\000o\000s\000a\000l\000t\000s\000,\000\040\000h\000y\000d\000r\000o\000s\000a\000l\000t\000s\000,\000\040\000h\000y\000d\000r\000a\000t\000e\000s\000\040\000\046\000\040\000c\000o\000m\000m\000o\000n\000\040\000c\000h\000e\000m\000i\000c\000a\000l\000s}{chapter.3}% 21
\BOOKMARK [0][-]{chapter.4}{\376\377\000T\000h\000e\000\040\000M\000o\000l\000e\000\040\000a\000n\000d\000\040\000C\000h\000e\000m\000i\000c\000a\000l\000\040\000R\000e\000a\000c\000t\000i\000o\000n\000s\000\040}{}% 22
\BOOKMARK [1][-]{section.4.1}{\376\377\000T\000h\000e\000\040\000m\000o\000l\000e}{chapter.4}% 23
\BOOKMARK [1][-]{section.4.2}{\376\377\000T\000h\000e\000\040\000m\000o\000l\000e\000c\000u\000l\000a\000r\000\040\000m\000a\000s\000s}{chapter.4}% 24
\BOOKMARK [1][-]{section.4.3}{\376\377\000C\000h\000e\000m\000i\000c\000a\000l\000\040\000r\000e\000a\000c\000t\000i\000o\000n\000s}{chapter.4}% 25
\BOOKMARK [1][-]{section.4.4}{\376\377\000M\000o\000l\000e\000-\000M\000o\000l\000e\000\040\000r\000e\000l\000a\000t\000i\000o\000n\000s\000h\000i\000p\000s}{chapter.4}% 26
\BOOKMARK [1][-]{section.4.5}{\376\377\000P\000e\000r\000c\000e\000n\000t\000\040\000y\000i\000e\000l\000d\000\040\000a\000n\000d\000\040\000l\000i\000m\000i\000t\000i\000n\000g\000\040\000r\000e\000a\000g\000e\000n\000t}{chapter.4}% 27
\BOOKMARK [1][-]{section.4.6}{\376\377\000P\000e\000r\000c\000e\000n\000t\000\040\000y\000i\000e\000l\000d\000\040\000a\000n\000d\000\040\000l\000i\000m\000i\000t\000i\000n\000g\000\040\000r\000e\000a\000g\000e\000n\000t}{chapter.4}% 28
\BOOKMARK [0][-]{Item.737}{\376\377\000R\000e\000v\000i\000e\000w\000-\000Q\000u\000i\000z\000z}{}% 29
\BOOKMARK [0][-]{Item.857}{\376\377\000P\000A\000R\000T\000\040\000C}{}% 30
\BOOKMARK [0][-]{chapter.5}{\376\377\000R\000e\000a\000c\000t\000i\000o\000n\000s\000\040\000i\000n\000\040\000s\000o\000l\000u\000t\000i\000o\000n\000\040}{}% 31
\BOOKMARK [1][-]{section.5.1}{\376\377\000b\000l\000u\000e\000!\0003\0000\000!\000b\000l\000a\000c\000k\000S\000o\000l\000u\000t\000i\000o\000n\000s\000\040\000a\000n\000d\000\040\000c\000o\000m\000p\000o\000s\000i\000t\000i\000o\000n}{chapter.5}% 32
\BOOKMARK [1][-]{section.5.2}{\376\377\000b\000l\000u\000e\000!\0003\0000\000!\000b\000l\000a\000c\000k\000E\000l\000e\000c\000t\000r\000o\000l\000y\000t\000e\000s\000\040\000a\000n\000d\000\040\000i\000n\000s\000o\000l\000u\000b\000l\000e\000\040\000c\000o\000m\000p\000o\000u\000n\000d\000s}{chapter.5}% 33
\BOOKMARK [1][-]{section.5.3}{\376\377\000b\000l\000u\000e\000!\0003\0000\000!\000b\000l\000a\000c\000k\000A\000n\000\040\000i\000n\000t\000r\000o\000d\000u\000c\000t\000i\000o\000n\000\040\000t\000o\000\040\000r\000e\000a\000c\000t\000i\000o\000n\000s\000\040\000i\000n\000\040\000s\000o\000l\000u\000t\000i\000o\000n}{chapter.5}% 34
\BOOKMARK [1][-]{section.5.4}{\376\377\000b\000l\000u\000e\000!\0003\0000\000!\000b\000l\000a\000c\000k\000P\000r\000e\000c\000i\000p\000i\000t\000a\000t\000i\000o\000n\000\040\000r\000e\000a\000c\000t\000i\000o\000n\000s\000\040\000a\000n\000d\000\040\000a\000c\000i\000d\000-\000b\000a\000s\000e\000\040\000r\000e\000a\000c\000t\000i\000o\000n\000s}{chapter.5}% 35
\BOOKMARK [1][-]{section.5.5}{\376\377\000b\000l\000u\000e\000!\0003\0000\000!\000b\000l\000a\000c\000k\000R\000e\000d\000o\000x\000\040\000r\000e\000a\000c\000t\000i\000o\000n\000s}{chapter.5}% 36
\BOOKMARK [0][-]{chapter.6}{\376\377\000G\000a\000s\000e\000s\000\040}{}% 37
\BOOKMARK [1][-]{section.6.1}{\376\377\000G\000a\000s\000e\000s\000\040\000a\000n\000d\000\040\000i\000t\000s\000\040\000p\000r\000o\000p\000e\000r\000t\000i\000e\000s}{chapter.6}% 38
\BOOKMARK [1][-]{section.6.2}{\376\377\000I\000d\000e\000a\000l\000\040\000g\000a\000s\000\040\000l\000a\000w}{chapter.6}% 39
\BOOKMARK [1][-]{section.6.3}{\376\377\000C\000h\000a\000n\000g\000e\000\040\000o\000f\000\040\000g\000a\000s\000\040\000p\000r\000o\000p\000e\000r\000t\000i\000e\000s}{chapter.6}% 40
\BOOKMARK [1][-]{section.6.4}{\376\377\000M\000i\000x\000t\000u\000r\000e\000s\000\040\000o\000f\000\040\000g\000a\000s\000e\000s\000\040\000a\000n\000d\000\040\000g\000a\000s\000\040\000s\000t\000o\000i\000c\000h\000i\000o\000m\000e\000t\000r\000y}{chapter.6}% 41
\BOOKMARK [1][-]{section.6.5}{\376\377\000R\000e\000a\000l\000\040\000g\000a\000s\000e\000s\000\040\000a\000n\000d\000\040\000t\000h\000e\000\040\000k\000i\000n\000e\000t\000i\000c\000\040\000m\000o\000l\000e\000c\000u\000l\000a\000r\000\040\000t\000h\000e\000o\000r\000y\000\040\000o\000f\000\040\000g\000a\000s\000e\000s\000\040}{chapter.6}% 42
\BOOKMARK [0][-]{Item.1027}{\376\377\000R\000e\000v\000i\000e\000w\000-\000Q\000u\000i\000z\000z}{}% 43
\BOOKMARK [0][-]{Item.1115}{\376\377\000P\000A\000R\000T\000\040\000D}{}% 44
\BOOKMARK [0][-]{chapter.7}{\376\377\000T\000h\000e\000r\000m\000o\000c\000h\000e\000m\000i\000s\000t\000r\000y}{}% 45
\BOOKMARK [1][-]{section.7.1}{\376\377\000E\000n\000e\000r\000g\000y\000\040\000\046\000\040\000t\000e\000m\000p\000e\000r\000a\000t\000u\000r\000e}{chapter.7}% 46
\BOOKMARK [1][-]{section.7.2}{\376\377\000F\000r\000o\000m\000\040\000e\000n\000e\000r\000g\000y\000\040\000t\000o\000\040\000t\000e\000m\000p\000e\000r\000a\000t\000u\000r\000e}{chapter.7}% 47
\BOOKMARK [1][-]{section.7.3}{\376\377\000C\000a\000l\000o\000r\000i\000m\000e\000t\000r\000y}{chapter.7}% 48
\BOOKMARK [1][-]{section.7.4}{\376\377\000E\000n\000t\000h\000a\000l\000p\000y}{chapter.7}% 49
\BOOKMARK [1][-]{section.7.5}{\376\377\000H\000e\000s\000s\000'\000s\000\040\000L\000a\000w\000:\000\040\000M\000a\000n\000i\000p\000u\000l\000a\000t\000i\000n\000g\000\040\000r\000e\000a\000c\000t\000i\000o\000n\000\040\000e\000n\000t\000h\000a\000l\000p\000i\000e\000s\000\040}{chapter.7}% 50
\BOOKMARK [0][-]{chapter.8}{\376\377\000A\000t\000o\000m\000i\000c\000\040\000s\000t\000r\000u\000c\000t\000u\000r\000e}{}% 51
\BOOKMARK [1][-]{section.8.1}{\376\377\000L\000i\000g\000h\000t}{chapter.8}% 52
\BOOKMARK [1][-]{section.8.2}{\376\377\000T\000h\000e\000\040\000a\000t\000o\000m\000i\000c\000\040\000s\000p\000e\000c\000t\000r\000u\000m\000\040\000o\000f\000\040\000h\000y\000d\000r\000o\000g\000e\000n}{chapter.8}% 53
\BOOKMARK [1][-]{section.8.3}{\376\377\000Q\000u\000a\000n\000t\000u\000m\000\040\000m\000e\000c\000h\000a\000n\000i\000c\000s\000\040\000a\000n\000d\000\040\000e\000l\000e\000c\000t\000r\000o\000n\000i\000c\000\040\000s\000t\000r\000u\000c\000t\000u\000r\000e}{chapter.8}% 54
\BOOKMARK [1][-]{section.8.4}{\376\377\000E\000l\000e\000c\000t\000r\000o\000n\000i\000c\000\040\000c\000o\000n\000f\000i\000g\000u\000r\000a\000t\000i\000o\000n\000\040\000o\000f\000\040\000a\000n\000\040\000a\000t\000o\000m}{chapter.8}% 55
\BOOKMARK [1][-]{section.8.5}{\376\377\000P\000e\000r\000i\000o\000d\000i\000c\000\040\000T\000r\000e\000n\000d\000s}{chapter.8}% 56
\BOOKMARK [0][-]{Item.1313}{\376\377\000R\000e\000v\000i\000e\000w\000-\000Q\000u\000i\000z\000z}{}% 57
\BOOKMARK [0][-]{Item.1433}{\376\377\000P\000A\000R\000T\000\040\000E}{}% 58
\BOOKMARK [0][-]{chapter.9}{\376\377\000C\000h\000e\000m\000i\000c\000a\000l\000\040\000B\000o\000n\000d\000\040\000a\000n\000d\000\040\000G\000e\000o\000m\000e\000t\000r\000y\000\040}{}% 59
\BOOKMARK [1][-]{section.9.1}{\376\377\000E\000l\000e\000c\000t\000r\000o\000n\000-\000d\000o\000t\000\040\000s\000t\000r\000u\000c\000t\000u\000r\000e\000s\000\040\000o\000f\000\040\000a\000t\000o\000m\000s}{chapter.9}% 60
\BOOKMARK [1][-]{section.9.2}{\376\377\000M\000o\000l\000e\000c\000u\000l\000a\000r\000\040\000s\000h\000a\000p\000e}{chapter.9}% 61
\BOOKMARK [1][-]{section.9.3}{\376\377\000P\000o\000l\000a\000r\000i\000t\000y\000\040\000o\000f\000\040\000m\000o\000l\000e\000c\000u\000l\000e\000s}{chapter.9}% 62
\BOOKMARK [1][-]{section.9.4}{\376\377\000H\000y\000b\000r\000i\000d\000\040\000o\000r\000b\000i\000t\000a\000l\000s}{chapter.9}% 63
\BOOKMARK [1][-]{section.9.5}{\376\377\000M\000o\000l\000e\000c\000u\000l\000a\000r\000\040\000o\000r\000b\000i\000t\000a\000l\000\040\000t\000h\000e\000o\000r\000y}{chapter.9}% 64
\BOOKMARK [0][-]{chapter.10}{\376\377\000S\000o\000l\000i\000d\000s\000\040\000a\000n\000d\000\040\000l\000i\000q\000u\000i\000d\000s}{}% 65
\BOOKMARK [1][-]{section.10.1}{\376\377\000I\000n\000t\000e\000r\000m\000o\000l\000e\000c\000u\000l\000a\000r\000\040\000f\000o\000r\000c\000e\000s}{chapter.10}% 66
\BOOKMARK [1][-]{section.10.2}{\376\377\000T\000h\000e\000\040\000s\000o\000l\000i\000d\000\040\000s\000t\000a\000t\000e}{chapter.10}% 67
\BOOKMARK [1][-]{section.10.3}{\376\377\000M\000e\000t\000a\000l\000s\000\040\000a\000n\000d\000\040\000i\000o\000n\000i\000c\000\040\000s\000o\000l\000i\000d\000s}{chapter.10}% 68
\BOOKMARK [1][-]{section.10.4}{\376\377\000L\000i\000q\000u\000i\000d\000\040\000s\000t\000a\000t\000e}{chapter.10}% 69
\BOOKMARK [1][-]{section.10.5}{\376\377\000P\000h\000a\000s\000e\000\040\000d\000i\000a\000g\000r\000a\000m\000s}{chapter.10}% 70
\BOOKMARK [0][-]{Item.1671}{\376\377\000R\000e\000v\000i\000e\000w\000-\000Q\000u\000i\000z\000z}{}% 71
