This is pdfTeX, Version 3.14159265-2.6-1.40.17 (TeX Live 2016) (preloaded format=pdflatex 2016.5.22)  25 APR 2019 11:48
entering extended mode
 restricted \write18 enabled.
 %&-line parsing enabled.
**spath.dtx
(./spath.dtx
LaTeX2e <2016/03/31>
Babel <3.9r> and hyphenation patterns for 83 language(s) loaded.
(/usr/local/texlive/2016/texmf-dist/tex/latex/base/docstrip.tex
\blockLevel=\count79
\emptyLines=\count80
\processedLines=\count81
\commentsRemoved=\count82
\commentsPassed=\count83
\codeLinesPassed=\count84
\TotalprocessedLines=\count85
\TotalcommentsRemoved=\count86
\TotalcommentsPassed=\count87
\TotalcodeLinesPassed=\count88
\NumberOfFiles=\count89
\inFile=\read1
\inputcheck=\read2
\off@0=\count90
\off@1=\count91
\off@2=\count92
\off@3=\count93
\off@4=\count94
\off@5=\count95
\off@6=\count96
\off@7=\count97
\off@8=\count98
\off@9=\count99
\off@10=\count100
\off@11=\count101
\off@12=\count102
\off@13=\count103
\off@14=\count104
\off@15=\count105
\@maxfiles=\count106
\@maxoutfiles=\count107

Utility: `docstrip' 2.5e <2014/09/29>
English documentation    <2014/09/29>

**********************************************************
* This program converts documented macro-files into fast *
* loadable files by stripping off (nearly) all comments! *
**********************************************************

********************************************************
* No Configuration file found, using default settings. *
********************************************************

)

Generating file(s) ./spath.sty 
\openout0 = `./spath.sty'.


Processing file spath.dtx (package) -> spath.sty
File spath.dtx ended by \endinput.
Lines  processed: 2844
Comments removed: 755
Comments  passed: 0
Codelines passed: 2072


Generating file(s) ./spath.ins 
\openout0 = `./spath.ins'.


Processing file spath.dtx (install) -> spath.ins
File spath.dtx ended by \endinput.
Lines  processed: 2844
Comments removed: 755
Comments  passed: 0
Codelines passed: 2072


Generating file(s) ./README.txt 
\openout0 = `./README.txt'.


Processing file spath.dtx (readme) -> README.txt
File spath.dtx ended by \endinput.
Lines  processed: 2844
Comments removed: 755
Comments  passed: 0
Codelines passed: 2072


LaTeX Warning: You have requested package `',
               but the package provides `spath'.

Package: spath 2011/06/03 v1.0 Functions for manipulating PGF soft paths
(/usr/local/texlive/2016/texmf-dist/tex/latex/base/ltxdoc.cls
Document Class: ltxdoc 2015/03/26 v2.0w Standard LaTeX documentation class
(/usr/local/texlive/2016/texmf-dist/tex/latex/base/article.cls
Document Class: article 2014/09/29 v1.4h Standard LaTeX document class
(/usr/local/texlive/2016/texmf-dist/tex/latex/base/size10.clo
File: size10.clo 2014/09/29 v1.4h Standard LaTeX file (size option)
)
\c@part=\count108
\c@section=\count109
\c@subsection=\count110
\c@subsubsection=\count111
\c@paragraph=\count112
\c@subparagraph=\count113
\c@figure=\count114
\c@table=\count115
\abovecaptionskip=\skip41
\belowcaptionskip=\skip42
\bibindent=\dimen102
)
(/usr/local/texlive/2016/texmf-dist/tex/latex/base/doc.sty
Package: doc 2016/02/15 v2.1g Standard LaTeX documentation package (FMi)
\c@StandardModuleDepth=\count116
\guard@level=\count117
\MacrocodeTopsep=\skip43
\MacroIndent=\dimen103
\macro@cnt=\count118
\MacroTopsep=\skip44
\index@excludelist=\toks14

(/usr/local/texlive/2016/texmf-dist/tex/latex/tools/multicol.sty
Package: multicol 2016/04/07 v1.8p multicolumn formatting (FMi)
\c@tracingmulticols=\count119
\mult@box=\box26
\multicol@leftmargin=\dimen104
\c@unbalance=\count120
\c@collectmore=\count121
\doublecol@number=\count122
\multicoltolerance=\count123
\multicolpretolerance=\count124
\full@width=\dimen105
\page@free=\dimen106
\premulticols=\dimen107
\postmulticols=\dimen108
\multicolsep=\skip45
\multicolbaselineskip=\skip46
\partial@page=\box27
\last@line=\box28
\maxbalancingoverflow=\dimen109
\mult@rightbox=\box29
\mult@grightbox=\box30
\mult@gfirstbox=\box31
\mult@firstbox=\box32
\@tempa=\box33
\@tempa=\box34
\@tempa=\box35
\@tempa=\box36
\@tempa=\box37
\@tempa=\box38
\@tempa=\box39
\@tempa=\box40
\@tempa=\box41
\@tempa=\box42
\@tempa=\box43
\@tempa=\box44
\@tempa=\box45
\@tempa=\box46
\@tempa=\box47
\@tempa=\box48
\@tempa=\box49
\c@columnbadness=\count125
\c@finalcolumnbadness=\count126
\last@try=\dimen110
\multicolovershoot=\dimen111
\multicolundershoot=\dimen112
\mult@nat@firstbox=\box50
\colbreak@box=\box51
\mc@col@check@num=\count127
)
\IndexMin=\dimen113
\c@IndexColumns=\count128
\GlossaryMin=\dimen114
\c@GlossaryColumns=\count129
\check@sum=\count130
\bslash@cnt=\count131
\wrong@table=\toks15
\c@CodelineNo=\count132
))
(/usr/local/texlive/2016/texmf-dist/tex/latex/base/fontenc.sty
Package: fontenc 2005/09/27 v1.99g Standard LaTeX package

(/usr/local/texlive/2016/texmf-dist/tex/latex/base/t1enc.def
File: t1enc.def 2005/09/27 v1.99g Standard LaTeX file
LaTeX Font Info:    Redeclaring font encoding T1 on input line 48.
))
(/usr/local/texlive/2016/texmf-dist/tex/latex/lm/lmodern.sty
Package: lmodern 2009/10/30 v1.6 Latin Modern Fonts
LaTeX Font Info:    Overwriting symbol font `operators' in version `normal'
(Font)                  OT1/cmr/m/n --> OT1/lmr/m/n on input line 22.
LaTeX Font Info:    Overwriting symbol font `letters' in version `normal'
(Font)                  OML/cmm/m/it --> OML/lmm/m/it on input line 23.
LaTeX Font Info:    Overwriting symbol font `symbols' in version `normal'
(Font)                  OMS/cmsy/m/n --> OMS/lmsy/m/n on input line 24.
LaTeX Font Info:    Overwriting symbol font `largesymbols' in version `normal'
(Font)                  OMX/cmex/m/n --> OMX/lmex/m/n on input line 25.
LaTeX Font Info:    Overwriting symbol font `operators' in version `bold'
(Font)                  OT1/cmr/bx/n --> OT1/lmr/bx/n on input line 26.
LaTeX Font Info:    Overwriting symbol font `letters' in version `bold'
(Font)                  OML/cmm/b/it --> OML/lmm/b/it on input line 27.
LaTeX Font Info:    Overwriting symbol font `symbols' in version `bold'
(Font)                  OMS/cmsy/b/n --> OMS/lmsy/b/n on input line 28.
LaTeX Font Info:    Overwriting symbol font `largesymbols' in version `bold'
(Font)                  OMX/cmex/m/n --> OMX/lmex/m/n on input line 29.
LaTeX Font Info:    Overwriting math alphabet `\mathbf' in version `normal'
(Font)                  OT1/cmr/bx/n --> OT1/lmr/bx/n on input line 31.
LaTeX Font Info:    Overwriting math alphabet `\mathsf' in version `normal'
(Font)                  OT1/cmss/m/n --> OT1/lmss/m/n on input line 32.
LaTeX Font Info:    Overwriting math alphabet `\mathit' in version `normal'
(Font)                  OT1/cmr/m/it --> OT1/lmr/m/it on input line 33.
LaTeX Font Info:    Overwriting math alphabet `\mathtt' in version `normal'
(Font)                  OT1/cmtt/m/n --> OT1/lmtt/m/n on input line 34.
LaTeX Font Info:    Overwriting math alphabet `\mathbf' in version `bold'
(Font)                  OT1/cmr/bx/n --> OT1/lmr/bx/n on input line 35.
LaTeX Font Info:    Overwriting math alphabet `\mathsf' in version `bold'
(Font)                  OT1/cmss/bx/n --> OT1/lmss/bx/n on input line 36.
LaTeX Font Info:    Overwriting math alphabet `\mathit' in version `bold'
(Font)                  OT1/cmr/bx/it --> OT1/lmr/bx/it on input line 37.
LaTeX Font Info:    Overwriting math alphabet `\mathtt' in version `bold'
(Font)                  OT1/cmtt/m/n --> OT1/lmtt/m/n on input line 38.
)
(/usr/local/texlive/2016/texmf-dist/tex/latex/pgf/frontendlayer/tikz.sty
(/usr/local/texlive/2016/texmf-dist/tex/latex/pgf/basiclayer/pgf.sty
(/usr/local/texlive/2016/texmf-dist/tex/latex/pgf/utilities/pgfrcs.sty
(/usr/local/texlive/2016/texmf-dist/tex/generic/pgf/utilities/pgfutil-common.te
x
\pgfutil@everybye=\toks16
\pgfutil@tempdima=\dimen115
\pgfutil@tempdimb=\dimen116

(/usr/local/texlive/2016/texmf-dist/tex/generic/pgf/utilities/pgfutil-common-li
sts.tex))
(/usr/local/texlive/2016/texmf-dist/tex/generic/pgf/utilities/pgfutil-latex.def
\pgfutil@abb=\box52
(/usr/local/texlive/2016/texmf-dist/tex/latex/ms/everyshi.sty
Package: everyshi 2001/05/15 v3.00 EveryShipout Package (MS)
))
(/usr/local/texlive/2016/texmf-dist/tex/generic/pgf/utilities/pgfrcs.code.tex
Package: pgfrcs 2015/08/07 v3.0.1a (rcs-revision 1.31)
))
Package: pgf 2015/08/07 v3.0.1a (rcs-revision 1.15)
(/usr/local/texlive/2016/texmf-dist/tex/latex/pgf/basiclayer/pgfcore.sty
(/usr/local/texlive/2016/texmf-dist/tex/latex/graphics/graphicx.sty
Package: graphicx 2014/10/28 v1.0g Enhanced LaTeX Graphics (DPC,SPQR)

(/usr/local/texlive/2016/texmf-dist/tex/latex/graphics/keyval.sty
Package: keyval 2014/10/28 v1.15 key=value parser (DPC)
\KV@toks@=\toks17
)
(/usr/local/texlive/2016/texmf-dist/tex/latex/graphics/graphics.sty
Package: graphics 2016/05/09 v1.0r Standard LaTeX Graphics (DPC,SPQR)

(/usr/local/texlive/2016/texmf-dist/tex/latex/graphics/trig.sty
Package: trig 2016/01/03 v1.10 sin cos tan (DPC)
)
(/usr/local/texlive/2016/texmf-dist/tex/latex/graphics-cfg/graphics.cfg
File: graphics.cfg 2016/01/02 v1.10 sample graphics configuration
)
Package graphics Info: Driver file: pdftex.def on input line 96.

(/usr/local/texlive/2016/texmf-dist/tex/latex/pdftex-def/pdftex.def
File: pdftex.def 2011/05/27 v0.06d Graphics/color for pdfTeX

(/usr/local/texlive/2016/texmf-dist/tex/generic/oberdiek/infwarerr.sty
Package: infwarerr 2016/05/16 v1.4 Providing info/warning/error messages (HO)
)
(/usr/local/texlive/2016/texmf-dist/tex/generic/oberdiek/ltxcmds.sty
Package: ltxcmds 2016/05/16 v1.23 LaTeX kernel commands for general use (HO)
)
\Gread@gobject=\count133
))
\Gin@req@height=\dimen117
\Gin@req@width=\dimen118
)
(/usr/local/texlive/2016/texmf-dist/tex/latex/pgf/systemlayer/pgfsys.sty
(/usr/local/texlive/2016/texmf-dist/tex/generic/pgf/systemlayer/pgfsys.code.tex
Package: pgfsys 2014/07/09 v3.0.1a (rcs-revision 1.48)
(/usr/local/texlive/2016/texmf-dist/tex/generic/pgf/utilities/pgfkeys.code.tex
\pgfkeys@pathtoks=\toks18
\pgfkeys@temptoks=\toks19

(/usr/local/texlive/2016/texmf-dist/tex/generic/pgf/utilities/pgfkeysfiltered.c
ode.tex
\pgfkeys@tmptoks=\toks20
))
\pgf@x=\dimen119
\pgf@y=\dimen120
\pgf@xa=\dimen121
\pgf@ya=\dimen122
\pgf@xb=\dimen123
\pgf@yb=\dimen124
\pgf@xc=\dimen125
\pgf@yc=\dimen126
\w@pgf@writea=\write3
\r@pgf@reada=\read3
\c@pgf@counta=\count134
\c@pgf@countb=\count135
\c@pgf@countc=\count136
\c@pgf@countd=\count137
\t@pgf@toka=\toks21
\t@pgf@tokb=\toks22
\t@pgf@tokc=\toks23

(/usr/local/texlive/2016/texmf-dist/tex/generic/pgf/systemlayer/pgf.cfg
File: pgf.cfg 2008/05/14  (rcs-revision 1.7)
)
Driver file for pgf: pgfsys-pdftex.def

(/usr/local/texlive/2016/texmf-dist/tex/generic/pgf/systemlayer/pgfsys-pdftex.d
ef
File: pgfsys-pdftex.def 2014/10/11  (rcs-revision 1.35)

(/usr/local/texlive/2016/texmf-dist/tex/generic/pgf/systemlayer/pgfsys-common-p
df.def
File: pgfsys-common-pdf.def 2013/10/10  (rcs-revision 1.13)
)))
(/usr/local/texlive/2016/texmf-dist/tex/generic/pgf/systemlayer/pgfsyssoftpath.
code.tex
File: pgfsyssoftpath.code.tex 2013/09/09  (rcs-revision 1.9)
\pgfsyssoftpath@smallbuffer@items=\count138
\pgfsyssoftpath@bigbuffer@items=\count139
)
(/usr/local/texlive/2016/texmf-dist/tex/generic/pgf/systemlayer/pgfsysprotocol.
code.tex
File: pgfsysprotocol.code.tex 2006/10/16  (rcs-revision 1.4)
)) (/usr/local/texlive/2016/texmf-dist/tex/latex/xcolor/xcolor.sty
Package: xcolor 2016/05/11 v2.12 LaTeX color extensions (UK)

(/usr/local/texlive/2016/texmf-dist/tex/latex/graphics-cfg/color.cfg
File: color.cfg 2016/01/02 v1.6 sample color configuration
)
Package xcolor Info: Driver file: pdftex.def on input line 225.
Package xcolor Info: Model `cmy' substituted by `cmy0' on input line 1348.
Package xcolor Info: Model `hsb' substituted by `rgb' on input line 1352.
Package xcolor Info: Model `RGB' extended on input line 1364.
Package xcolor Info: Model `HTML' substituted by `rgb' on input line 1366.
Package xcolor Info: Model `Hsb' substituted by `hsb' on input line 1367.
Package xcolor Info: Model `tHsb' substituted by `hsb' on input line 1368.
Package xcolor Info: Model `HSB' substituted by `hsb' on input line 1369.
Package xcolor Info: Model `Gray' substituted by `gray' on input line 1370.
Package xcolor Info: Model `wave' substituted by `hsb' on input line 1371.
)
(/usr/local/texlive/2016/texmf-dist/tex/generic/pgf/basiclayer/pgfcore.code.tex
Package: pgfcore 2010/04/11 v3.0.1a (rcs-revision 1.7)
(/usr/local/texlive/2016/texmf-dist/tex/generic/pgf/math/pgfmath.code.tex
(/usr/local/texlive/2016/texmf-dist/tex/generic/pgf/math/pgfmathcalc.code.tex
(/usr/local/texlive/2016/texmf-dist/tex/generic/pgf/math/pgfmathutil.code.tex)
(/usr/local/texlive/2016/texmf-dist/tex/generic/pgf/math/pgfmathparser.code.tex
\pgfmath@dimen=\dimen127
\pgfmath@count=\count140
\pgfmath@box=\box53
\pgfmath@toks=\toks24
\pgfmath@stack@operand=\toks25
\pgfmath@stack@operation=\toks26
)
(/usr/local/texlive/2016/texmf-dist/tex/generic/pgf/math/pgfmathfunctions.code.
tex
(/usr/local/texlive/2016/texmf-dist/tex/generic/pgf/math/pgfmathfunctions.basic
.code.tex)
(/usr/local/texlive/2016/texmf-dist/tex/generic/pgf/math/pgfmathfunctions.trigo
nometric.code.tex)
(/usr/local/texlive/2016/texmf-dist/tex/generic/pgf/math/pgfmathfunctions.rando
m.code.tex)
(/usr/local/texlive/2016/texmf-dist/tex/generic/pgf/math/pgfmathfunctions.compa
rison.code.tex)
(/usr/local/texlive/2016/texmf-dist/tex/generic/pgf/math/pgfmathfunctions.base.
code.tex)
(/usr/local/texlive/2016/texmf-dist/tex/generic/pgf/math/pgfmathfunctions.round
.code.tex)
(/usr/local/texlive/2016/texmf-dist/tex/generic/pgf/math/pgfmathfunctions.misc.
code.tex)
(/usr/local/texlive/2016/texmf-dist/tex/generic/pgf/math/pgfmathfunctions.integ
erarithmetics.code.tex)))
(/usr/local/texlive/2016/texmf-dist/tex/generic/pgf/math/pgfmathfloat.code.tex
\c@pgfmathroundto@lastzeros=\count141
))
(/usr/local/texlive/2016/texmf-dist/tex/generic/pgf/basiclayer/pgfcorepoints.co
de.tex
File: pgfcorepoints.code.tex 2013/10/07  (rcs-revision 1.27)
\pgf@picminx=\dimen128
\pgf@picmaxx=\dimen129
\pgf@picminy=\dimen130
\pgf@picmaxy=\dimen131
\pgf@pathminx=\dimen132
\pgf@pathmaxx=\dimen133
\pgf@pathminy=\dimen134
\pgf@pathmaxy=\dimen135
\pgf@xx=\dimen136
\pgf@xy=\dimen137
\pgf@yx=\dimen138
\pgf@yy=\dimen139
\pgf@zx=\dimen140
\pgf@zy=\dimen141
)
(/usr/local/texlive/2016/texmf-dist/tex/generic/pgf/basiclayer/pgfcorepathconst
ruct.code.tex
File: pgfcorepathconstruct.code.tex 2013/10/07  (rcs-revision 1.29)
\pgf@path@lastx=\dimen142
\pgf@path@lasty=\dimen143
)
(/usr/local/texlive/2016/texmf-dist/tex/generic/pgf/basiclayer/pgfcorepathusage
.code.tex
File: pgfcorepathusage.code.tex 2014/11/02  (rcs-revision 1.24)
\pgf@shorten@end@additional=\dimen144
\pgf@shorten@start@additional=\dimen145
)
(/usr/local/texlive/2016/texmf-dist/tex/generic/pgf/basiclayer/pgfcorescopes.co
de.tex
File: pgfcorescopes.code.tex 2015/05/08  (rcs-revision 1.46)
\pgfpic=\box54
\pgf@hbox=\box55
\pgf@layerbox@main=\box56
\pgf@picture@serial@count=\count142
)
(/usr/local/texlive/2016/texmf-dist/tex/generic/pgf/basiclayer/pgfcoregraphicst
ate.code.tex
File: pgfcoregraphicstate.code.tex 2014/11/02  (rcs-revision 1.12)
\pgflinewidth=\dimen146
)
(/usr/local/texlive/2016/texmf-dist/tex/generic/pgf/basiclayer/pgfcoretransform
ations.code.tex
File: pgfcoretransformations.code.tex 2015/08/07  (rcs-revision 1.20)
\pgf@pt@x=\dimen147
\pgf@pt@y=\dimen148
\pgf@pt@temp=\dimen149
)
(/usr/local/texlive/2016/texmf-dist/tex/generic/pgf/basiclayer/pgfcorequick.cod
e.tex
File: pgfcorequick.code.tex 2008/10/09  (rcs-revision 1.3)
)
(/usr/local/texlive/2016/texmf-dist/tex/generic/pgf/basiclayer/pgfcoreobjects.c
ode.tex
File: pgfcoreobjects.code.tex 2006/10/11  (rcs-revision 1.2)
)
(/usr/local/texlive/2016/texmf-dist/tex/generic/pgf/basiclayer/pgfcorepathproce
ssing.code.tex
File: pgfcorepathprocessing.code.tex 2013/09/09  (rcs-revision 1.9)
)
(/usr/local/texlive/2016/texmf-dist/tex/generic/pgf/basiclayer/pgfcorearrows.co
de.tex
File: pgfcorearrows.code.tex 2015/05/14  (rcs-revision 1.43)
\pgfarrowsep=\dimen150
)
(/usr/local/texlive/2016/texmf-dist/tex/generic/pgf/basiclayer/pgfcoreshade.cod
e.tex
File: pgfcoreshade.code.tex 2013/07/15  (rcs-revision 1.15)
\pgf@max=\dimen151
\pgf@sys@shading@range@num=\count143
)
(/usr/local/texlive/2016/texmf-dist/tex/generic/pgf/basiclayer/pgfcoreimage.cod
e.tex
File: pgfcoreimage.code.tex 2013/07/15  (rcs-revision 1.18)

(/usr/local/texlive/2016/texmf-dist/tex/generic/pgf/basiclayer/pgfcoreexternal.
code.tex
File: pgfcoreexternal.code.tex 2014/07/09  (rcs-revision 1.21)
\pgfexternal@startupbox=\box57
))
(/usr/local/texlive/2016/texmf-dist/tex/generic/pgf/basiclayer/pgfcorelayers.co
de.tex
File: pgfcorelayers.code.tex 2013/07/18  (rcs-revision 1.7)
)
(/usr/local/texlive/2016/texmf-dist/tex/generic/pgf/basiclayer/pgfcoretranspare
ncy.code.tex
File: pgfcoretransparency.code.tex 2013/09/30  (rcs-revision 1.5)
)
(/usr/local/texlive/2016/texmf-dist/tex/generic/pgf/basiclayer/pgfcorepatterns.
code.tex
File: pgfcorepatterns.code.tex 2013/11/07  (rcs-revision 1.5)
)))
(/usr/local/texlive/2016/texmf-dist/tex/generic/pgf/modules/pgfmoduleshapes.cod
e.tex
File: pgfmoduleshapes.code.tex 2014/03/21  (rcs-revision 1.35)
\pgfnodeparttextbox=\box58
)
(/usr/local/texlive/2016/texmf-dist/tex/generic/pgf/modules/pgfmoduleplot.code.
tex
File: pgfmoduleplot.code.tex 2015/08/03  (rcs-revision 1.13)
)
(/usr/local/texlive/2016/texmf-dist/tex/latex/pgf/compatibility/pgfcomp-version
-0-65.sty
Package: pgfcomp-version-0-65 2007/07/03 v3.0.1a (rcs-revision 1.7)
\pgf@nodesepstart=\dimen152
\pgf@nodesepend=\dimen153
)
(/usr/local/texlive/2016/texmf-dist/tex/latex/pgf/compatibility/pgfcomp-version
-1-18.sty
Package: pgfcomp-version-1-18 2007/07/23 v3.0.1a (rcs-revision 1.1)
))
(/usr/local/texlive/2016/texmf-dist/tex/latex/pgf/utilities/pgffor.sty
(/usr/local/texlive/2016/texmf-dist/tex/latex/pgf/utilities/pgfkeys.sty
(/usr/local/texlive/2016/texmf-dist/tex/generic/pgf/utilities/pgfkeys.code.tex)
) (/usr/local/texlive/2016/texmf-dist/tex/latex/pgf/math/pgfmath.sty
(/usr/local/texlive/2016/texmf-dist/tex/generic/pgf/math/pgfmath.code.tex))
(/usr/local/texlive/2016/texmf-dist/tex/generic/pgf/utilities/pgffor.code.tex
Package: pgffor 2013/12/13 v3.0.1a (rcs-revision 1.25)

(/usr/local/texlive/2016/texmf-dist/tex/generic/pgf/math/pgfmath.code.tex)
\pgffor@iter=\dimen154
\pgffor@skip=\dimen155
\pgffor@stack=\toks27
\pgffor@toks=\toks28
))
(/usr/local/texlive/2016/texmf-dist/tex/generic/pgf/frontendlayer/tikz/tikz.cod
e.tex
Package: tikz 2015/08/07 v3.0.1a (rcs-revision 1.151)

(/usr/local/texlive/2016/texmf-dist/tex/generic/pgf/libraries/pgflibraryplothan
dlers.code.tex
File: pgflibraryplothandlers.code.tex 2013/08/31 v3.0.1a (rcs-revision 1.20)
\pgf@plot@mark@count=\count144
\pgfplotmarksize=\dimen156
)
\tikz@lastx=\dimen157
\tikz@lasty=\dimen158
\tikz@lastxsaved=\dimen159
\tikz@lastysaved=\dimen160
\tikzleveldistance=\dimen161
\tikzsiblingdistance=\dimen162
\tikz@figbox=\box59
\tikz@figbox@bg=\box60
\tikz@tempbox=\box61
\tikz@tempbox@bg=\box62
\tikztreelevel=\count145
\tikznumberofchildren=\count146
\tikznumberofcurrentchild=\count147
\tikz@fig@count=\count148

(/usr/local/texlive/2016/texmf-dist/tex/generic/pgf/modules/pgfmodulematrix.cod
e.tex
File: pgfmodulematrix.code.tex 2013/09/17  (rcs-revision 1.8)
\pgfmatrixcurrentrow=\count149
\pgfmatrixcurrentcolumn=\count150
\pgf@matrix@numberofcolumns=\count151
)
\tikz@expandcount=\count152

(/usr/local/texlive/2016/texmf-dist/tex/generic/pgf/frontendlayer/tikz/librarie
s/tikzlibrarytopaths.code.tex
File: tikzlibrarytopaths.code.tex 2008/06/17 v3.0.1a (rcs-revision 1.2)
))) (./spath.sty

LaTeX Warning: You have requested package `spath',
               but the package provides `spath'.

Package: spath 2011/06/03 v1.0 Functions for manipulating PGF soft paths

(/usr/local/texlive/2016/texmf-dist/tex/generic/pgf/modules/pgfmoduleoo.code.te
x
\pgfoo@objectcount=\count153
\pgfoothis@count=\count154
\pgfoo@toks=\toks29
)
\spath@trx=\dimen163
\spath@try=\dimen164
\c@spath@length=\count155
\c@spath@reallength=\count156
\c@spath@components=\count157
\c@spath@array=\count158
) (/usr/local/texlive/2016/texmf-dist/tex/latex/oberdiek/hypdoc.sty
Package: hypdoc 2016/05/16 v1.12 Hyper extensions for doc.sty (HO)

(/usr/local/texlive/2016/texmf-dist/tex/latex/oberdiek/atveryend.sty
Package: atveryend 2016/05/16 v1.9 Hooks at the very end of document (HO)
Package atveryend Info: \enddocument detected (standard20110627).
)
(/usr/local/texlive/2016/texmf-dist/tex/latex/hyperref/hyperref.sty
Package: hyperref 2016/05/05 v6.83n Hypertext links for LaTeX

(/usr/local/texlive/2016/texmf-dist/tex/generic/oberdiek/hobsub-hyperref.sty
Package: hobsub-hyperref 2016/05/16 v1.14 Bundle oberdiek, subset hyperref (HO)


(/usr/local/texlive/2016/texmf-dist/tex/generic/oberdiek/hobsub-generic.sty
Package: hobsub-generic 2016/05/16 v1.14 Bundle oberdiek, subset generic (HO)
Package: hobsub 2016/05/16 v1.14 Construct package bundles (HO)
Package hobsub Info: Skipping package `infwarerr' (already loaded).
Package hobsub Info: Skipping package `ltxcmds' (already loaded).
Package: ifluatex 2016/05/16 v1.4 Provides the ifluatex switch (HO)
Package ifluatex Info: LuaTeX not detected.
Package: ifvtex 2016/05/16 v1.6 Detect VTeX and its facilities (HO)
Package ifvtex Info: VTeX not detected.
Package: intcalc 2016/05/16 v1.2 Expandable calculations with integers (HO)
Package: ifpdf 2016/05/14 v3.1 Provides the ifpdf switch
Package: etexcmds 2016/05/16 v1.6 Avoid name clashes with e-TeX commands (HO)
Package etexcmds Info: Could not find \expanded.
(etexcmds)             That can mean that you are not using pdfTeX 1.50 or
(etexcmds)             that some package has redefined \expanded.
(etexcmds)             In the latter case, load this package earlier.
Package: kvsetkeys 2016/05/16 v1.17 Key value parser (HO)
Package: kvdefinekeys 2016/05/16 v1.4 Define keys (HO)
Package: pdftexcmds 2016/05/10 v0.21 Utility functions of pdfTeX for LuaTeX (HO
)
Package pdftexcmds Info: LuaTeX not detected.
Package pdftexcmds Info: \pdf@primitive is available.
Package pdftexcmds Info: \pdf@ifprimitive is available.
Package pdftexcmds Info: \pdfdraftmode found.
Package: pdfescape 2016/05/16 v1.14 Implements pdfTeX's escape features (HO)
Package: bigintcalc 2016/05/16 v1.4 Expandable calculations on big integers (HO
)
Package: bitset 2016/05/16 v1.2 Handle bit-vector datatype (HO)
Package: uniquecounter 2016/05/16 v1.3 Provide unlimited unique counter (HO)
)
Package hobsub Info: Skipping package `hobsub' (already loaded).
Package: letltxmacro 2016/05/16 v1.5 Let assignment for LaTeX macros (HO)
Package: hopatch 2016/05/16 v1.3 Wrapper for package hooks (HO)
Package: xcolor-patch 2016/05/16 xcolor patch
Package hobsub Info: Skipping package `atveryend' (already loaded).
Package: atbegshi 2016/05/16 v1.17 At begin shipout hook (HO)
Package: refcount 2016/05/16 v3.5 Data extraction from label references (HO)
Package: hycolor 2016/05/16 v1.8 Color options for hyperref/bookmark (HO)
)
(/usr/local/texlive/2016/texmf-dist/tex/generic/ifxetex/ifxetex.sty
Package: ifxetex 2010/09/12 v0.6 Provides ifxetex conditional
)
(/usr/local/texlive/2016/texmf-dist/tex/latex/oberdiek/auxhook.sty
Package: auxhook 2016/05/16 v1.4 Hooks for auxiliary files (HO)
)
(/usr/local/texlive/2016/texmf-dist/tex/latex/oberdiek/kvoptions.sty
Package: kvoptions 2016/05/16 v3.12 Key value format for package options (HO)
)
\@linkdim=\dimen165
\Hy@linkcounter=\count159
\Hy@pagecounter=\count160

(/usr/local/texlive/2016/texmf-dist/tex/latex/hyperref/pd1enc.def
File: pd1enc.def 2016/05/05 v6.83n Hyperref: PDFDocEncoding definition (HO)
)
\Hy@SavedSpaceFactor=\count161

(/usr/local/texlive/2016/texmf-dist/tex/latex/latexconfig/hyperref.cfg
File: hyperref.cfg 2002/06/06 v1.2 hyperref configuration of TeXLive
)
Package hyperref Info: Option `hyperindex' set `false' on input line 4322.
Package hyperref Info: Option `pdfusetitle' set `true' on input line 4322.
Package hyperref Info: Option `colorlinks' set `true' on input line 4322.
Package hyperref Info: Option `pdfpagelabels' set `true' on input line 4322.
Package hyperref Info: Hyper figures OFF on input line 4446.
Package hyperref Info: Link nesting OFF on input line 4451.
Package hyperref Info: Hyper index OFF on input line 4456.
Package hyperref Info: Plain pages OFF on input line 4461.
Package hyperref Info: Backreferencing OFF on input line 4466.
Package hyperref Info: Implicit mode ON; LaTeX internals redefined.
Package hyperref Info: Bookmarks ON on input line 4691.
\c@Hy@tempcnt=\count162

(/usr/local/texlive/2016/texmf-dist/tex/latex/url/url.sty
\Urlmuskip=\muskip10
Package: url 2013/09/16  ver 3.4  Verb mode for urls, etc.
)
LaTeX Info: Redefining \url on input line 5044.
\XeTeXLinkMargin=\dimen166
\Fld@menulength=\count163
\Field@Width=\dimen167
\Fld@charsize=\dimen168
Package hyperref Info: Hyper figures OFF on input line 6298.
Package hyperref Info: Link nesting OFF on input line 6303.
Package hyperref Info: Hyper index OFF on input line 6308.
Package hyperref Info: backreferencing OFF on input line 6313.
Package hyperref Info: Link coloring ON on input line 6316.
Package hyperref Info: Link coloring with OCG OFF on input line 6323.
Package hyperref Info: PDF/A mode OFF on input line 6328.
LaTeX Info: Redefining \ref on input line 6368.
LaTeX Info: Redefining \pageref on input line 6372.
\Hy@abspage=\count164
\c@Item=\count165
\c@Hfootnote=\count166
)

Package hyperref Message: Driver (autodetected): hpdftex.

(/usr/local/texlive/2016/texmf-dist/tex/latex/hyperref/hpdftex.def
File: hpdftex.def 2016/05/05 v6.83n Hyperref driver for pdfTeX
\Fld@listcount=\count167
\c@bookmark@seq@number=\count168

(/usr/local/texlive/2016/texmf-dist/tex/latex/oberdiek/rerunfilecheck.sty
Package: rerunfilecheck 2016/05/16 v1.8 Rerun checks for auxiliary files (HO)
Package uniquecounter Info: New unique counter `rerunfilecheck' on input line 2
82.
)
\Hy@SectionHShift=\skip47
)
Package hyperref Info: Option `plainpages' set `false' on input line 60.
Package hyperref Info: Option `bookmarksopen' set `true' on input line 60.
Package hyperref Info: Option `bookmarksnumbered' set `true' on input line 60.

(/usr/local/texlive/2016/texmf-dist/tex/generic/thumbpdf/thumbpdf.sty
Package: thumbpdf 2014/07/15 v3.16 Inclusion of thumbnails (HO)


Package thumbpdf Warning: Compressed PDF objects of PDF 1.5 are not supported.


Package thumbpdf Warning: Thumbnail data file `spath.tpt' not found.

)
\c@HD@unique=\count169
\c@HD@hypercount=\count170
\HD@helplength=\skip48
) (/usr/local/texlive/2016/texmf-dist/tex/latex/listings/listings.sty
\lst@mode=\count171
\lst@gtempboxa=\box63
\lst@token=\toks30
\lst@length=\count172
\lst@currlwidth=\dimen169
\lst@column=\count173
\lst@pos=\count174
\lst@lostspace=\dimen170
\lst@width=\dimen171
\lst@newlines=\count175
\lst@lineno=\count176
\lst@maxwidth=\dimen172

(/usr/local/texlive/2016/texmf-dist/tex/latex/listings/lstmisc.sty
File: lstmisc.sty 2015/06/04 1.6 (Carsten Heinz)
\c@lstnumber=\count177
\lst@skipnumbers=\count178
\lst@framebox=\box64
)
(/usr/local/texlive/2016/texmf-dist/tex/latex/listings/listings.cfg
File: listings.cfg 2015/06/04 1.6 listings configuration
))
Package: listings 2015/06/04 1.6 (Carsten Heinz)

(/usr/local/texlive/2016/texmf-dist/tex/latex/listings/lstlang1.sty
File: lstlang1.sty 2015/06/04 1.6 listings language file
)
(/usr/local/texlive/2016/texmf-dist/tex/latex/listings/lstlang2.sty
File: lstlang2.sty 2015/06/04 1.6 listings language file
)
(/usr/local/texlive/2016/texmf-dist/tex/latex/listings/lstlang3.sty
File: lstlang3.sty 2015/06/04 1.6 listings language file
)
(/usr/local/texlive/2016/texmf-dist/tex/latex/listings/lstlang1.sty
File: lstlang1.sty 2015/06/04 1.6 listings language file
)
(/usr/local/texlive/2016/texmf-dist/tex/latex/listings/lstlang2.sty
File: lstlang2.sty 2015/06/04 1.6 listings language file
)
(/usr/local/texlive/2016/texmf-dist/tex/latex/listings/lstlang3.sty
File: lstlang3.sty 2015/06/04 1.6 listings language file
)
(/usr/local/texlive/2016/texmf-dist/tex/latex/listings/lstlang1.sty
File: lstlang1.sty 2015/06/04 1.6 listings language file
)
(/usr/local/texlive/2016/texmf-dist/tex/latex/listings/lstlang2.sty
File: lstlang2.sty 2015/06/04 1.6 listings language file
)
(/usr/local/texlive/2016/texmf-dist/tex/latex/listings/lstlang3.sty
File: lstlang3.sty 2015/06/04 1.6 listings language file
)
(/usr/local/texlive/2016/texmf-dist/tex/latex/listings/lstlang1.sty
File: lstlang1.sty 2015/06/04 1.6 listings language file
)
(/usr/local/texlive/2016/texmf-dist/tex/latex/listings/lstlang2.sty
File: lstlang2.sty 2015/06/04 1.6 listings language file
)
(/usr/local/texlive/2016/texmf-dist/tex/latex/listings/lstlang3.sty
File: lstlang3.sty 2015/06/04 1.6 listings language file
)
(/usr/local/texlive/2016/texmf-dist/tex/latex/listings/lstmisc.sty
File: lstmisc.sty 2015/06/04 1.6 (Carsten Heinz)
)
(/usr/local/texlive/2016/texmf-dist/tex/latex/fancyvrb/fancyvrb.sty
Package: fancyvrb 2008/02/07

Style option: `fancyvrb' v2.7a, with DG/SPQR fixes, and firstline=lastline fix 
<2008/02/07> (tvz)
\FV@CodeLineNo=\count179
\FV@InFile=\read4
\FV@TabBox=\box65
\c@FancyVerbLine=\count180
\FV@StepNumber=\count181
\FV@OutFile=\write4
)
\@indexfile=\write5
\openout5 = `spath.idx'.


Writing index file spath.idx
\@glossaryfile=\write6
\openout6 = `spath.glo'.

Writing glossary file spath.glo 
No file spath.aux.
\openout1 = `spath.aux'.

LaTeX Font Info:    Checking defaults for OML/cmm/m/it on input line 116.
LaTeX Font Info:    ... okay on input line 116.
LaTeX Font Info:    Checking defaults for T1/cmr/m/n on input line 116.
LaTeX Font Info:    ... okay on input line 116.
LaTeX Font Info:    Checking defaults for OT1/cmr/m/n on input line 116.
LaTeX Font Info:    ... okay on input line 116.
LaTeX Font Info:    Checking defaults for OMS/cmsy/m/n on input line 116.
LaTeX Font Info:    ... okay on input line 116.
LaTeX Font Info:    Checking defaults for OMX/cmex/m/n on input line 116.
LaTeX Font Info:    ... okay on input line 116.
LaTeX Font Info:    Checking defaults for U/cmr/m/n on input line 116.
LaTeX Font Info:    ... okay on input line 116.
LaTeX Font Info:    Checking defaults for PD1/pdf/m/n on input line 116.
LaTeX Font Info:    ... okay on input line 116.
LaTeX Font Info:    Try loading font information for T1+lmr on input line 116.
(/usr/local/texlive/2016/texmf-dist/tex/latex/lm/t1lmr.fd
File: t1lmr.fd 2009/10/30 v1.6 Font defs for Latin Modern
)
Package doc Info: Made | a short reference for \verb on input line 116.

ABD: EveryShipout initializing macros
(/usr/local/texlive/2016/texmf-dist/tex/context/base/mkii/supp-pdf.mkii
[Loading MPS to PDF converter (version 2006.09.02).]
\scratchcounter=\count182
\scratchdimen=\dimen173
\scratchbox=\box66
\nofMPsegments=\count183
\nofMParguments=\count184
\everyMPshowfont=\toks31
\MPscratchCnt=\count185
\MPscratchDim=\dimen174
\MPnumerator=\count186
\makeMPintoPDFobject=\count187
\everyMPtoPDFconversion=\toks32
) (/usr/local/texlive/2016/texmf-dist/tex/latex/oberdiek/epstopdf-base.sty
Package: epstopdf-base 2016/05/15 v2.6 Base part for package epstopdf

(/usr/local/texlive/2016/texmf-dist/tex/latex/oberdiek/grfext.sty
Package: grfext 2016/05/16 v1.2 Manage graphics extensions (HO)
)
Package grfext Info: Graphics extension search list:
(grfext)             [.png,.pdf,.jpg,.mps,.jpeg,.jbig2,.jb2,.PNG,.PDF,.JPG,.JPE
G,.JBIG2,.JB2,.eps]
(grfext)             \AppendGraphicsExtensions on input line 456.

(/usr/local/texlive/2016/texmf-dist/tex/latex/latexconfig/epstopdf-sys.cfg
File: epstopdf-sys.cfg 2010/07/13 v1.3 Configuration of (r)epstopdf for TeX Liv
e
))
\AtBeginShipoutBox=\box67
Package hyperref Info: Link coloring ON on input line 116.

(/usr/local/texlive/2016/texmf-dist/tex/latex/hyperref/nameref.sty
Package: nameref 2012/10/27 v2.43 Cross-referencing by name of section

(/usr/local/texlive/2016/texmf-dist/tex/generic/oberdiek/gettitlestring.sty
Package: gettitlestring 2016/05/16 v1.5 Cleanup title references (HO)
)
\c@section@level=\count188
)
LaTeX Info: Redefining \ref on input line 116.
LaTeX Info: Redefining \pageref on input line 116.
LaTeX Info: Redefining \nameref on input line 116.
\@outlinefile=\write7
\openout7 = `spath.out'.

\HD@savedest@out=\write8
\openout8 = `spath.hd'.

\c@lstlisting=\count189

(./spath.dtx
***************************
* Character table correct *
***************************
LaTeX Font Info:    Try loading font information for T1+lmss on input line 152.

(/usr/local/texlive/2016/texmf-dist/tex/latex/lm/t1lmss.fd
File: t1lmss.fd 2009/10/30 v1.6 Font defs for Latin Modern
)
LaTeX Font Info:    Try loading font information for OT1+lmr on input line 152.


(/usr/local/texlive/2016/texmf-dist/tex/latex/lm/ot1lmr.fd
File: ot1lmr.fd 2009/10/30 v1.6 Font defs for Latin Modern
)
LaTeX Font Info:    Try loading font information for OML+lmm on input line 152.


(/usr/local/texlive/2016/texmf-dist/tex/latex/lm/omllmm.fd
File: omllmm.fd 2009/10/30 v1.6 Font defs for Latin Modern
)
LaTeX Font Info:    Try loading font information for OMS+lmsy on input line 152
.

(/usr/local/texlive/2016/texmf-dist/tex/latex/lm/omslmsy.fd
File: omslmsy.fd 2009/10/30 v1.6 Font defs for Latin Modern
)
LaTeX Font Info:    Try loading font information for OMX+lmex on input line 152
.

(/usr/local/texlive/2016/texmf-dist/tex/latex/lm/omxlmex.fd
File: omxlmex.fd 2009/10/30 v1.6 Font defs for Latin Modern
)
LaTeX Font Info:    External font `lmex10' loaded for size
(Font)              <12> on input line 152.
LaTeX Font Info:    External font `lmex10' loaded for size
(Font)              <8> on input line 152.
LaTeX Font Info:    External font `lmex10' loaded for size
(Font)              <6> on input line 152.
LaTeX Font Info:    Try loading font information for T1+lmtt on input line 152.


(/usr/local/texlive/2016/texmf-dist/tex/latex/lm/t1lmtt.fd
File: t1lmtt.fd 2009/10/30 v1.6 Font defs for Latin Modern
)

Package hyperref Warning: Token not allowed in a PDF string (PDFDocEncoding):
(hyperref)                removing `\begingroup' on input line 207.


Package hyperref Warning: Token not allowed in a PDF string (PDFDocEncoding):
(hyperref)                removing `\catcode' on input line 207.


Package hyperref Warning: Token not allowed in a PDF string (PDFDocEncoding):
(hyperref)                removing `\active' on input line 207.


Package hyperref Warning: Token not allowed in a PDF string (PDFDocEncoding):
(hyperref)                removing `\<def>-command' on input line 207.


Package hyperref Warning: Token not allowed in a PDF string (PDFDocEncoding):
(hyperref)                removing `\csname\endcsname' on input line 207.


Package hyperref Warning: Token not allowed in a PDF string (PDFDocEncoding):
(hyperref)                removing `\catcode' on input line 207.


Package hyperref Warning: Token not allowed in a PDF string (PDFDocEncoding):
(hyperref)                removing `\active' on input line 207.


Package hyperref Warning: Token not allowed in a PDF string (PDFDocEncoding):
(hyperref)                removing `\<let>-command' on input line 207.


Package hyperref Warning: Token not allowed in a PDF string (PDFDocEncoding):
(hyperref)                removing `\csname\endcsname' on input line 207.


Package hyperref Warning: Token not allowed in a PDF string (PDFDocEncoding):
(hyperref)                removing `\<let>-command' on input line 207.


Package hyperref Warning: Token not allowed in a PDF string (PDFDocEncoding):
(hyperref)                removing `\%' on input line 207.


Package hyperref Warning: Token not allowed in a PDF string (PDFDocEncoding):
(hyperref)                removing `\catcode' on input line 207.


Package hyperref Warning: Token not allowed in a PDF string (PDFDocEncoding):
(hyperref)                removing `\active' on input line 207.


Package hyperref Warning: Token not allowed in a PDF string (PDFDocEncoding):
(hyperref)                removing `\<def>-command' on input line 207.


Package hyperref Warning: Token not allowed in a PDF string (PDFDocEncoding):
(hyperref)                removing `\csname\endcsname' on input line 207.


Package hyperref Warning: Token not allowed in a PDF string (PDFDocEncoding):
(hyperref)                removing `\<def>-command' on input line 207.


Package hyperref Warning: Token not allowed in a PDF string (PDFDocEncoding):
(hyperref)                removing `\#' on input line 207.


Package hyperref Warning: Token not allowed in a PDF string (PDFDocEncoding):
(hyperref)                removing `\catcode' on input line 207.


Package hyperref Warning: Token not allowed in a PDF string (PDFDocEncoding):
(hyperref)                removing `\<def>-command' on input line 207.


Package hyperref Warning: Token not allowed in a PDF string (PDFDocEncoding):
(hyperref)                removing `\csname\endcsname' on input line 207.


Package hyperref Warning: Token not allowed in a PDF string (PDFDocEncoding):
(hyperref)                removing `\<def>-command' on input line 207.


Package hyperref Warning: Token not allowed in a PDF string (PDFDocEncoding):
(hyperref)                removing `\&' on input line 207.


Package hyperref Warning: Token not allowed in a PDF string (PDFDocEncoding):
(hyperref)                removing `\<def>-command' on input line 207.


Package hyperref Warning: Token not allowed in a PDF string (PDFDocEncoding):
(hyperref)                removing `\textunderscore' on input line 207.


Package hyperref Warning: Token not allowed in a PDF string (PDFDocEncoding):
(hyperref)                removing `\<let>-command' on input line 207.


Package hyperref Warning: Token not allowed in a PDF string (PDFDocEncoding):
(hyperref)                removing `\_' on input line 207.


Package hyperref Warning: Token not allowed in a PDF string (PDFDocEncoding):
(hyperref)                removing `\catcode' on input line 207.


Package hyperref Warning: Token not allowed in a PDF string (PDFDocEncoding):
(hyperref)                removing `\active' on input line 207.


Package hyperref Warning: Token not allowed in a PDF string (PDFDocEncoding):
(hyperref)                removing `\<let>-command' on input line 207.


Package hyperref Warning: Token not allowed in a PDF string (PDFDocEncoding):
(hyperref)                removing `\csname\endcsname' on input line 207.


Package hyperref Warning: Token not allowed in a PDF string (PDFDocEncoding):
(hyperref)                removing `\<let>-command' on input line 207.


Package hyperref Warning: Token not allowed in a PDF string (PDFDocEncoding):
(hyperref)                removing `\csname\endcsname' on input line 207.


Package hyperref Warning: Token not allowed in a PDF string (PDFDocEncoding):
(hyperref)                removing `\<let>-command' on input line 207.


Package hyperref Warning: Token not allowed in a PDF string (PDFDocEncoding):
(hyperref)                removing `\~' on input line 207.


Package hyperref Warning: Token not allowed in a PDF string (PDFDocEncoding):
(hyperref)                removing `\<let>-command' on input line 207.


Package hyperref Warning: Token not allowed in a PDF string (PDFDocEncoding):
(hyperref)                removing `\textasciitilde' on input line 207.


Package hyperref Warning: Token not allowed in a PDF string (PDFDocEncoding):
(hyperref)                removing `\<let>-command' on input line 207.


Package hyperref Warning: Token not allowed in a PDF string (PDFDocEncoding):
(hyperref)                removing `\\' on input line 207.


Package hyperref Warning: Token not allowed in a PDF string (PDFDocEncoding):
(hyperref)                removing `\<def>-command' on input line 207.


Package hyperref Warning: Token not allowed in a PDF string (PDFDocEncoding):
(hyperref)                removing `\csname\endcsname' on input line 207.


Package hyperref Warning: Token not allowed in a PDF string (PDFDocEncoding):
(hyperref)                removing `\<def>-command' on input line 207.


Package hyperref Warning: Token not allowed in a PDF string (PDFDocEncoding):
(hyperref)                removing `\Hy@tempa' on input line 207.


Package hyperref Warning: Token not allowed in a PDF string (PDFDocEncoding):
(hyperref)                removing `\<def>-command' on input line 207.


Package hyperref Warning: Token not allowed in a PDF string (PDFDocEncoding):
(hyperref)                removing `\Hy@tempa' on input line 207.

[1

{/usr/local/texlive/2016/texmf-var/fonts/map/pdftex/updmap/pdftex.map}]
[2] [3] [4] [5] [6] [7]
Overfull \hbox (326.61542pt too wide) in paragraph at lines 585--585
 [][]       \T1/lmtt/m/n/9 \pgfmathsetlength{\pgf@xa}{\pgf@x < \spath@trx ? \pg
f@x + \spath@shrinkby : (\pgf@x > \spath@trx ? \pgf@x - \spath@shrinkby : \pgf@
x)}% 
 []


Overfull \hbox (326.61542pt too wide) in paragraph at lines 585--585
 [][]       \T1/lmtt/m/n/9 \pgfmathsetlength{\pgf@ya}{\pgf@y < \spath@try ? \pg
f@y + \spath@shrinkby : (\pgf@y > \spath@try ? \pgf@y - \spath@shrinkby : \pgf@
y)}% 
 []

[8]
Overfull \hbox (33.66599pt too wide) in paragraph at lines 635--635
 [][]      \T1/lmtt/m/n/9 \pgfmathsetlength{\pgf@xb}{\spath@gcos * \pgf@xa - \s
path@gsin * \pgf@ya}% 
 []


Overfull \hbox (33.66599pt too wide) in paragraph at lines 635--635
 [][]      \T1/lmtt/m/n/9 \pgfmathsetlength{\pgf@yb}{\spath@gsin * \pgf@xa + \s
path@gcos * \pgf@ya}% 
 []

[9] [10]
Overfull \hbox (33.66599pt too wide) in paragraph at lines 715--715
 [][]      \T1/lmtt/m/n/9 \pgfmathsetlength{\pgf@xb}{\spath@gcos * \pgf@xa - \s
path@gsin * \pgf@ya}% 
 []


Overfull \hbox (33.66599pt too wide) in paragraph at lines 715--715
 [][]      \T1/lmtt/m/n/9 \pgfmathsetlength{\pgf@yb}{\spath@gsin * \pgf@xa + \s
path@gcos * \pgf@ya}% 
 []


Overfull \hbox (33.66599pt too wide) in paragraph at lines 715--715
 [][]      \T1/lmtt/m/n/9 \pgfmathsetlength{\pgf@xb}{\spath@gcos * \pgf@xa - \s
path@gsin * \pgf@ya}% 
 []


Overfull \hbox (33.66599pt too wide) in paragraph at lines 715--715
 [][]      \T1/lmtt/m/n/9 \pgfmathsetlength{\pgf@yb}{\spath@gsin * \pgf@xa + \s
path@gcos * \pgf@ya}% 
 []

[11] [12] [13] [14] [15]
Overfull \hbox (0.59105pt too wide) in paragraph at lines 970--970
 [][]       \T1/lmtt/m/n/9 \expandafter\spath@split@second@curveto\spath@split@
path@end\relax 
 []

[16] [17]
Overfull \hbox (10.04103pt too wide) in paragraph at lines 1087--1087
 [][]    \T1/lmtt/m/n/9 \pgfmathsetmacro{\spath@temp}{\pgfoovalueof{real length
} - \spath@temp} 
 []


Overfull \hbox (52.56595pt too wide) in paragraph at lines 1087--1087
 [][]    \T1/lmtt/m/n/9 \pgfmathsetmacro{\spath@temp}{\pgfoovalueof{number of c
omponents} - \spath@temp} 
 []


Overfull \hbox (255.74055pt too wide) in paragraph at lines 1087--1087
 [][]\T1/lmtt/m/n/9 % The purpose here is that we can set new conditions (via T
ikZ or PGF options) which might affect how the path should be built. 
 []

[18] [19] [20] [21] [22] [23]
Overfull \hbox (10.04103pt too wide) in paragraph at lines 1429--1429
 [][]    \T1/lmtt/m/n/9 \g@addto@macro\spath@tmppath{\pgfsyssoftpath@closepatht
oken{0pt}{0pt}}% 
 []

[24]
Overfull \hbox (38.39098pt too wide) in paragraph at lines 1480--1480
 [][]  \T1/lmtt/m/n/9 \pgfintersectionofpaths{\pgfsetpath\spath@tmppatha}{\pgfs
etpath\spath@tmppath}% 
 []


Overfull \hbox (288.81549pt too wide) in paragraph at lines 1480--1480
 [][]    \T1/lmtt/m/n/9 \pgfmathtruncatemacro{\spath@first@nearstart}{(abs(\pgf
@x - \spath@ix) + abs(\pgf@y - \spath@iy)) < \spath@intersectiontolerance}% 
 []


Overfull \hbox (284.0905pt too wide) in paragraph at lines 1480--1480
 [][]    \T1/lmtt/m/n/9 \pgfmathtruncatemacro{\spath@first@nearend}{(abs(\pgf@x
 - \spath@ix) + abs(\pgf@y - \spath@iy) <  \spath@intersectiontolerance)}% 
 []


Overfull \hbox (113.99083pt too wide) in paragraph at lines 1480--1480
 [][]    \T1/lmtt/m/n/9 \pgfmathtruncatemacro{\spath@first@nearends}{\spath@fir
st@nearstart || \spath@first@nearend}% 
 []


Overfull \hbox (293.54048pt too wide) in paragraph at lines 1480--1480
 [][]    \T1/lmtt/m/n/9 \pgfmathtruncatemacro{\spath@second@nearstart}{(abs(\pg
f@x - \spath@ix) + abs(\pgf@y - \spath@iy)) < \spath@intersectiontolerance}% 
 []

[25]
Overfull \hbox (288.81549pt too wide) in paragraph at lines 1480--1480
 [][]    \T1/lmtt/m/n/9 \pgfmathtruncatemacro{\spath@second@nearend}{(abs(\pgf@
x - \spath@ix) + abs(\pgf@y - \spath@iy) <  \spath@intersectiontolerance)}% 
 []


Overfull \hbox (128.1658pt too wide) in paragraph at lines 1480--1480
 [][]    \T1/lmtt/m/n/9 \pgfmathtruncatemacro{\spath@second@nearends}{\spath@se
cond@nearstart || \spath@second@nearend}% 
 []


Overfull \hbox (90.36588pt too wide) in paragraph at lines 1480--1480
 [][]    \T1/lmtt/m/n/9 \pgfmathtruncatemacro{\spath@nearends}{\spath@first@nea
rends || \spath@second@nearends}% 
 []

[26] [27]
Overfull \hbox (90.36588pt too wide) in paragraph at lines 1656--1656
 [][]     \T1/lmtt/m/n/9 \spath@temp.at intersections(\spath@tmp,\spath@secondp
ath@prev,\spath@secondpath@next)% 
 []

[28]
Overfull \hbox (90.36588pt too wide) in paragraph at lines 1656--1656
 [][]     \T1/lmtt/m/n/9 \spath@temp.at intersections(\spath@tmp,\spath@secondp
ath@prev,\spath@secondpath@next)% 
 []


Overfull \hbox (28.941pt too wide) in paragraph at lines 1693--1693
 [][]   \T1/lmtt/m/n/9 \pgfoonew \spath@next@component =new spath component(\sp
ath@this@component)% 
 []

[29]
Overfull \hbox (251.01556pt too wide) in paragraph at lines 1748--1748
 [][]  \T1/lmtt/m/n/9 \edef\spath@tmppath{\noexpand\pgfsyssoftpath@movetotoken{
\spath@ex}{\spath@ey}\noexpand\pgfsyssoftpath@linetotoken{#1}{#2}}% 
 []


Overfull \hbox (24.216pt too wide) in paragraph at lines 1748--1748
 [][]  \T1/lmtt/m/n/9 \pgfoonew \spath@next@component =new spath component(\spa
th@this@component)% 
 []

[30]
Overfull \hbox (147.06577pt too wide) in paragraph at lines 1760--1760
 [][]\T1/lmtt/m/n/9 \def\spath@explode@curveto#1#2\pgfsyssoftpath@curvetosuppor
tbtoken#3#4\pgfsyssoftpath@curvetotoken#5#6{% 
 []


Overfull \hbox (756.58958pt too wide) in paragraph at lines 1760--1760
 [][]  \T1/lmtt/m/n/9 \edef\spath@tmppath{\noexpand\pgfsyssoftpath@movetotoken{
\spath@ex}{\spath@ey}\noexpand\pgfsyssoftpath@curvetosupportatoken{#1}{#2}\noex
pand\pgfsyssoftpath@curvetosupportbtoken{#3}{#4}\noexpand\pgfsyssoftpath@curvet
otoken{#5}{#6}}% 
 []


Overfull \hbox (24.216pt too wide) in paragraph at lines 1760--1760
 [][]  \T1/lmtt/m/n/9 \pgfoonew \spath@next@component =new spath component(\spa
th@this@component)% 
 []


Overfull \hbox (52.56595pt too wide) in paragraph at lines 1781--1781
 [][]\T1/lmtt/m/n/9 % The first batch are for defining the ``walker'' methods o
f the \Verb+spath+ class. 
 []


Overfull \hbox (288.81549pt too wide) in paragraph at lines 1781--1781
 [][]\T1/lmtt/m/n/9 % For each of the methods we have to define some initialise
r code which redefines the soft path token macros to something appropriate. 
 []


Overfull \hbox (392.76529pt too wide) in paragraph at lines 1781--1781
 [][]\T1/lmtt/m/n/9 % As the ``something appropriate'' is often independent of 
the actual token macro, we set up a default action using \Verb+\spath@define@<s
omething>+ macros. 
 []


Overfull \hbox (251.01556pt too wide) in paragraph at lines 1781--1781
 [][]\T1/lmtt/m/n/9 % Each soft path token translates its arguments and then ap
pends itself, with the translated arguments, to the temporary path. 
 []


Overfull \hbox (165.96573pt too wide) in paragraph at lines 1781--1781
 [][]    \T1/lmtt/m/n/9 \edef\spath@tmp{\expandafter\noexpand\csname pgfsyssoft
path@#1token\endcsname{\the\pgf@xa}{\the\pgf@ya}} 
 []


Overfull \hbox (156.51575pt too wide) in paragraph at lines 1793--1793
 [][]    \T1/lmtt/m/n/9 \edef\spath@tmp{\expandafter\noexpand\csname pgfsyssoft
path@#1token\endcsname{\the\pgf@x}{\the\pgf@y}} 
 []


Overfull \hbox (165.96573pt too wide) in paragraph at lines 1806--1806
 [][]    \T1/lmtt/m/n/9 \edef\spath@tmp{\expandafter\noexpand\csname pgfsyssoft
path@#1token\endcsname{\the\pgf@xa}{\the\pgf@ya}} 
 []

[31]
Overfull \hbox (90.36588pt too wide) in paragraph at lines 1815--1815
 [][]    \T1/lmtt/m/n/9 \edef\spath@tmp{\expandafter\noexpand\csname pgfsyssoft
path@#1token\endcsname{##1}{##2}} 
 []


Overfull \hbox (241.56558pt too wide) in paragraph at lines 1826--1826
 [][]    \T1/lmtt/m/n/9 \pgfmathsetlength{\pgf@xa}{##1 < \spath@trx ? ##1 + \sp
ath@shrinkby : (##1 > \spath@trx ? ##1 - \spath@shrinkby : ##1)}% 
 []


Overfull \hbox (241.56558pt too wide) in paragraph at lines 1826--1826
 [][]    \T1/lmtt/m/n/9 \pgfmathsetlength{\pgf@ya}{##2 < \spath@try ? ##2 + \sp
ath@shrinkby : (##2 > \spath@try ? ##2 - \spath@shrinkby : ##2)}% 
 []


Overfull \hbox (165.96573pt too wide) in paragraph at lines 1826--1826
 [][]    \T1/lmtt/m/n/9 \edef\spath@tmp{\expandafter\noexpand\csname pgfsyssoft
path@#1token\endcsname{\the\pgf@xa}{\the\pgf@ya}} 
 []


Overfull \hbox (10.04103pt too wide) in paragraph at lines 1848--1848
 [][]    \T1/lmtt/m/n/9 \pgfmathsetlength\pgf@xb{\spath@gcos * \pgf@xa - \spath
@gsin * \pgf@ya} 
 []


Overfull \hbox (10.04103pt too wide) in paragraph at lines 1848--1848
 [][]    \T1/lmtt/m/n/9 \pgfmathsetlength\pgf@yb{\spath@gsin * \pgf@xa + \spath
@gcos * \pgf@ya} 
 []


Overfull \hbox (165.96573pt too wide) in paragraph at lines 1848--1848
 [][]    \T1/lmtt/m/n/9 \edef\spath@tmp{\expandafter\noexpand\csname pgfsyssoft
path@#1token\endcsname{\the\pgf@xb}{\the\pgf@yb}} 
 []


Overfull \hbox (10.04103pt too wide) in paragraph at lines 1861--1861
 [][]    \T1/lmtt/m/n/9 \pgfmathsetlength\pgf@xb{\spath@gcos * \pgf@xa - \spath
@gsin * \pgf@ya} 
 []


Overfull \hbox (10.04103pt too wide) in paragraph at lines 1861--1861
 [][]    \T1/lmtt/m/n/9 \pgfmathsetlength\pgf@yb{\spath@gsin * \pgf@xa + \spath
@gcos * \pgf@ya} 
 []


Overfull \hbox (165.96573pt too wide) in paragraph at lines 1861--1861
 [][]    \T1/lmtt/m/n/9 \edef\spath@tmp{\expandafter\noexpand\csname pgfsyssoft
path@#1token\endcsname{\the\pgf@xb}{\the\pgf@yb}} 
 []

[32]
Overfull \hbox (90.36588pt too wide) in paragraph at lines 1896--1896
 [][]    \T1/lmtt/m/n/9 \edef\spath@tmp{{##1}{##2}\expandafter\noexpand\csname 
pgfsyssoftpath@#1token\endcsname} 
 []

[33]
Overfull \hbox (118.71582pt too wide) in paragraph at lines 1926--1926
 [][]    \T1/lmtt/m/n/9 \edef\spath@tmp{\expandafter\noexpand\csname       pgfs
yssoftpath@#1token\endcsname{##1}{##2}} 
 []


Overfull \hbox (95.09087pt too wide) in paragraph at lines 1947--1947
 [][]    \T1/lmtt/m/n/9 \edef\spath@tmp{\expandafter\noexpand\csname pgfsyssoft
path@#1token\endcsname{##1}{##2}}% 
 []


Overfull \hbox (132.8908pt too wide) in paragraph at lines 1968--1968
 [][]    \T1/lmtt/m/n/9 \expandafter\string\csname pgfpath#1\endcsname\{\string
\pgfpointxy\{\spath@sx\}\{\spath@sy\}\}\\% 
 []

[34]
Overfull \hbox (227.39061pt too wide) in paragraph at lines 2018--2018
 [][]\T1/lmtt/m/n/9 \expandafter\xdef\csname spath@\spath@cpt\endcsname{\expand
after\string\csname pgfsyssoftpath@\spath@cpt token\endcsname} 
 []


Overfull \hbox (411.66525pt too wide) in paragraph at lines 2028--2028
 [][]\T1/lmtt/m/n/9 \edef\spath@tmp{\noexpand\let\expandafter\noexpand\csname p
gfsyssoftpath@\spath@cpt token\endcsname=\expandafter\noexpand\csname spath@tr@
\spath@cpt \endcsname} 
 []

[35]
Overfull \hbox (425.84023pt too wide) in paragraph at lines 2038--2038
 [][]\T1/lmtt/m/n/9 \edef\spath@tmp{\noexpand\let\expandafter\noexpand\csname p
gfsyssoftpath@\spath@cpt token\endcsname=\expandafter\noexpand\csname spath@tra
ns@\spath@cpt \endcsname} 
 []


Overfull \hbox (411.66525pt too wide) in paragraph at lines 2048--2048
 [][]\T1/lmtt/m/n/9 \edef\spath@tmp{\noexpand\let\expandafter\noexpand\csname p
gfsyssoftpath@\spath@cpt token\endcsname=\expandafter\noexpand\csname spath@sc@
\spath@cpt \endcsname} 
 []


Overfull \hbox (416.39024pt too wide) in paragraph at lines 2058--2058
 [][]\T1/lmtt/m/n/9 \edef\spath@tmp{\noexpand\let\expandafter\noexpand\csname p
gfsyssoftpath@\spath@cpt token\endcsname=\expandafter\noexpand\csname spath@rnd
@\spath@cpt \endcsname} 
 []


Overfull \hbox (411.66525pt too wide) in paragraph at lines 2068--2068
 [][]\T1/lmtt/m/n/9 \edef\spath@tmp{\noexpand\let\expandafter\noexpand\csname p
gfsyssoftpath@\spath@cpt token\endcsname=\expandafter\noexpand\csname spath@sh@
\spath@cpt \endcsname} 
 []


Overfull \hbox (416.39024pt too wide) in paragraph at lines 2078--2078
 [][]\T1/lmtt/m/n/9 \edef\spath@tmp{\noexpand\let\expandafter\noexpand\csname p
gfsyssoftpath@\spath@cpt token\endcsname=\expandafter\noexpand\csname spath@gch
@\spath@cpt \endcsname} 
 []


Overfull \hbox (416.39024pt too wide) in paragraph at lines 2088--2088
 [][]\T1/lmtt/m/n/9 \edef\spath@tmp{\noexpand\let\expandafter\noexpand\csname p
gfsyssoftpath@\spath@cpt token\endcsname=\expandafter\noexpand\csname spath@rot
@\spath@cpt \endcsname} 
 []


Overfull \hbox (416.39024pt too wide) in paragraph at lines 2096--2096
 [][]\T1/lmtt/m/n/9 \edef\spath@tmp{\noexpand\let\expandafter\noexpand\csname p
gfsyssoftpath@\spath@cpt token\endcsname=\expandafter\noexpand\csname spath@len
@\spath@cpt \endcsname} 
 []

[36]
Overfull \hbox (421.11523pt too wide) in paragraph at lines 2104--2104
 [][]\T1/lmtt/m/n/9 \edef\spath@tmp{\noexpand\let\expandafter\noexpand\csname p
gfsyssoftpath@\spath@cpt token\endcsname=\expandafter\noexpand\csname spath@com
p@\spath@cpt \endcsname} 
 []


Overfull \hbox (421.11523pt too wide) in paragraph at lines 2112--2112
 [][]\T1/lmtt/m/n/9 \edef\spath@tmp{\noexpand\let\expandafter\noexpand\csname p
gfsyssoftpath@\spath@cpt token\endcsname=\expandafter\noexpand\csname spath@rle
n@\spath@cpt \endcsname} 
 []


Overfull \hbox (416.39024pt too wide) in paragraph at lines 2120--2120
 [][]\T1/lmtt/m/n/9 \edef\spath@tmp{\noexpand\let\expandafter\noexpand\csname p
gfsyssoftpath@\spath@cpt token\endcsname=\expandafter\noexpand\csname spath@rev
@\spath@cpt \endcsname} 
 []


Overfull \hbox (425.84023pt too wide) in paragraph at lines 2128--2128
 [][]\T1/lmtt/m/n/9 \edef\spath@tmp{\noexpand\let\expandafter\noexpand\csname p
gfsyssoftpath@\spath@cpt token\endcsname=\expandafter\noexpand\csname spath@sta
rt@\spath@cpt \endcsname} 
 []


Overfull \hbox (227.39061pt too wide) in paragraph at lines 2134--2134
 [][]\T1/lmtt/m/n/9 \edef\spath@tmp{\noexpand\let\expandafter\noexpand\csname p
gfsyssoftpath@\spath@cpt token\endcsname=\noexpand\@gobbletwo} 
 []


Overfull \hbox (416.39024pt too wide) in paragraph at lines 2142--2142
 [][]\T1/lmtt/m/n/9 \edef\spath@tmp{\noexpand\let\expandafter\noexpand\csname p
gfsyssoftpath@\spath@cpt token\endcsname=\expandafter\noexpand\csname spath@end
@\spath@cpt \endcsname} 
 []


Overfull \hbox (425.84023pt too wide) in paragraph at lines 2150--2150
 [][]\T1/lmtt/m/n/9 \edef\spath@tmp{\noexpand\let\expandafter\noexpand\csname p
gfsyssoftpath@\spath@cpt token\endcsname=\expandafter\noexpand\csname spath@arr
ay@\spath@cpt \endcsname} 
 []


Overfull \hbox (435.2902pt too wide) in paragraph at lines 2158--2158
 [][]\T1/lmtt/m/n/9 \edef\spath@tmp{\noexpand\let\expandafter\noexpand\csname p
gfsyssoftpath@\spath@cpt token\endcsname=\expandafter\noexpand\csname spath@pre
pare@\spath@cpt \endcsname} 
 []

[37]
Overfull \hbox (416.39024pt too wide) in paragraph at lines 2166--2166
 [][]\T1/lmtt/m/n/9 \edef\spath@tmp{\noexpand\let\expandafter\noexpand\csname p
gfsyssoftpath@\spath@cpt token\endcsname=\expandafter\noexpand\csname spath@rep
@\spath@cpt \endcsname} 
 []


Overfull \hbox (463.64015pt too wide) in paragraph at lines 2174--2174
 [][]\T1/lmtt/m/n/9 \edef\spath@tmp{\noexpand\let\expandafter\noexpand\csname p
gfsyssoftpath@\spath@cpt token\endcsname=\expandafter\noexpand\csname spath@sel
fintersect@\spath@cpt \endcsname} 
 []


Overfull \hbox (454.19017pt too wide) in paragraph at lines 2182--2182
 [][]\T1/lmtt/m/n/9 \edef\spath@tmp{\noexpand\let\expandafter\noexpand\csname p
gfsyssoftpath@\spath@cpt token\endcsname=\expandafter\noexpand\csname spath@bou
ndingbox@\spath@cpt \endcsname} 
 []


Overfull \hbox (416.39024pt too wide) in paragraph at lines 2190--2190
 [][]\T1/lmtt/m/n/9 \edef\spath@tmp{\noexpand\let\expandafter\noexpand\csname p
gfsyssoftpath@\spath@cpt token\endcsname=\expandafter\noexpand\csname spath@str
@\spath@cpt \endcsname} 
 []

[38]
Overfull \hbox (0.59105pt too wide) in paragraph at lines 2237--2237
 [][]  \T1/lmtt/m/n/9 \edef\spath@tmp{{#1}{#2}\noexpand\pgfsyssoftpath@curvetos
upportbtoken}% 
 []


Overfull \hbox (0.59105pt too wide) in paragraph at lines 2237--2237
 [][]  \T1/lmtt/m/n/9 \edef\spath@tmp{{#1}{#2}\noexpand\pgfsyssoftpath@curvetos
upportatoken}% 
 []


Overfull \hbox (165.96573pt too wide) in paragraph at lines 2250--2250
 [][]\T1/lmtt/m/n/9 \def\spath@rep@curvetosupporta#1#2\pgfsyssoftpath@curvetosu
pportbtoken#3#4\pgfsyssoftpath@curvetotoken#5#6{% 
 []


Overfull \hbox (19.49101pt too wide) in paragraph at lines 2250--2250
 [][]    \T1/lmtt/m/n/9 \pgfpathcurveto{\pgfpoint{#1}{#2}}{\pgfpoint{#3}{#4}}{\
pgfpoint{#5}{#6}}% 
 []


Overfull \hbox (165.96573pt too wide) in paragraph at lines 2264--2264
 [][]\T1/lmtt/m/n/9 \def\spath@str@curvetosupporta#1#2\pgfsyssoftpath@curvetosu
pportbtoken#3#4\pgfsyssoftpath@curvetotoken#5#6{% 
 []


Overfull \hbox (10.04103pt too wide) in paragraph at lines 2264--2264
 [][]    \T1/lmtt/m/n/9 \string\pgfpathcurveto\{\string\pgfpointxy\{\spath@sx\}
\{\spath@sy\}\}% 
 []


Overfull \hbox (241.56558pt too wide) in paragraph at lines 2280--2280
 [][]   \T1/lmtt/m/n/9 \expandafter\global\expandafter\let\csname spath@array@\
spath@path@name @\the\value{spath@array}\endcsname=\spath@tmppath 
 []

[39]
Overfull \hbox (0.59105pt too wide) in paragraph at lines 2301--2301
 [][]    \T1/lmtt/m/n/9 \noexpand\pgfsyssoftpath@specialroundtoken{\spath@rndx}
{\spath@rndy}% 
 []


Overfull \hbox (0.59105pt too wide) in paragraph at lines 2301--2301
 [][]    \T1/lmtt/m/n/9 \noexpand\pgfsyssoftpath@specialroundtoken{\spath@rndx}
{\spath@rndy}% 
 []


Overfull \hbox (0.59105pt too wide) in paragraph at lines 2301--2301
 [][]    \T1/lmtt/m/n/9 \noexpand\pgfsyssoftpath@specialroundtoken{\spath@rndx}
{\spath@rndy}% 
 []


Overfull \hbox (38.39098pt too wide) in paragraph at lines 2312--2312
 [][]    \T1/lmtt/m/n/9 \noexpand\pgfsyssoftpath@specialroundtoken{\spath@srndx
 pt}{\spath@srndy pt}% 
 []

[40]
Overfull \hbox (38.39098pt too wide) in paragraph at lines 2418--2418
 [][]  \T1/lmtt/m/n/9 \g@addbefore@macro\spath@tmppath{{#1}{#2}\pgfsyssoftpath@
curvetosupportatoken}% 
 []

[41]
Overfull \hbox (0.59105pt too wide) in paragraph at lines 2418--2418
 [][]  \T1/lmtt/m/n/9 \g@addbefore@macro\spath@tmppath{{#1}{#2}\pgfsyssoftpath@
curvetotoken}% 
 []


Overfull \hbox (38.39098pt too wide) in paragraph at lines 2418--2418
 [][]  \T1/lmtt/m/n/9 \g@addbefore@macro\spath@tmppath{{#1}{#2}\pgfsyssoftpath@
curvetosupportbtoken}% 
 []


Overfull \hbox (10.04103pt too wide) in paragraph at lines 2418--2418
 [][]  \T1/lmtt/m/n/9 \g@addbefore@macro\spath@tmppath{{#1}{#2}\pgfsyssoftpath@
closepathtoken}% 
 []


Overfull \hbox (24.216pt too wide) in paragraph at lines 2418--2418
 [][]  \T1/lmtt/m/n/9 \g@addbefore@macro\spath@tmppath{{#1}{#2}\pgfsyssoftpath@
specialroundtoken}% 
 []


Overfull \hbox (213.21564pt too wide) in paragraph at lines 2461--2461
 [][]\T1/lmtt/m/n/9 \def\spath@selfintersect@curvetosupporta#1#2\pgfsyssoftpath
@curvetosupportbtoken#3#4\pgfsyssoftpath@curvetotoken#5#6{% 
 []

[42]
Overfull \hbox (350.24037pt too wide) in paragraph at lines 2461--2461
 [][]  \T1/lmtt/m/n/9 \pgfpathcurvebetweentimecontinue{0}{\spath@splitt}{\pgfqp
oint{\spath@ex}{\spath@ey}}{\pgfqpoint{#1}{#2}}{\pgfqpoint{#3}{#4}}{\pgfqpoint{
#5}{#6}}% 
 []


Overfull \hbox (350.24037pt too wide) in paragraph at lines 2461--2461
 [][]  \T1/lmtt/m/n/9 \pgfpathcurvebetweentimecontinue{\spath@splitt}{1}{\pgfqp
oint{\spath@ex}{\spath@ey}}{\pgfqpoint{#1}{#2}}{\pgfqpoint{#3}{#4}}{\pgfqpoint{
#5}{#6}}% 
 []

[43] [44]
Overfull \hbox (208.49065pt too wide) in paragraph at lines 2568--2568
 [][]  \T1/lmtt/m/n/9 \edef\spath@tmp{\noexpand\spath@taper@path{#2}{#3}{\spath
@sx pt}{\spath@sy pt}{\spath@ex pt}{\spath@ey pt}{#5}{#6}} 
 []


Overfull \hbox (510.89006pt too wide) in paragraph at lines 2578--2578
 [][]\T1/lmtt/m/n/9 \def\spath@taper@curveto@out\pgfsyssoftpath@movetotoken#1#2
\pgfsyssoftpath@curvetosupportatoken#3#4\pgfsyssoftpath@curvetosupportbtoken#5#
6\pgfsyssoftpath@curvetotoken#7#8#9\relax{% 
 []

[45]
Overfull \hbox (80.9159pt too wide) in paragraph at lines 2623--2623
 [][]  \T1/lmtt/m/n/9 \pgfmathsetmacro{\spath@oox}{.5*\spath@ox * \pgflinewidth
 / veclen(\spath@ox,\spath@oy)} 
 []


Overfull \hbox (80.9159pt too wide) in paragraph at lines 2623--2623
 [][]  \T1/lmtt/m/n/9 \pgfmathsetmacro{\spath@ooy}{.5*\spath@oy * \pgflinewidth
 / veclen(\spath@ox,\spath@oy)} 
 []


Overfull \hbox (118.71582pt too wide) in paragraph at lines 2628--2628
 [][]  \T1/lmtt/m/n/9 \pgfmathsetmacro{\spath@soox}{.5*\spath@sox * \taper@line
@width / veclen(\spath@sox,\spath@soy)} 
 []


Overfull \hbox (118.71582pt too wide) in paragraph at lines 2628--2628
 [][]  \T1/lmtt/m/n/9 \pgfmathsetmacro{\spath@sooy}{.5*\spath@soy * \taper@line
@width / veclen(\spath@sox,\spath@soy)} 
 []


Overfull \hbox (62.01593pt too wide) in paragraph at lines 2651--2651
 [][]  \T1/lmtt/m/n/9 \edef\spath@to@add{\noexpand\pgfsyssoftpath@movetotoken{\
spath@sx pt}{\spath@sy pt}} 
 []


Overfull \hbox (104.54085pt too wide) in paragraph at lines 2651--2651
 [][]  \T1/lmtt/m/n/9 \edef\spath@to@add{\noexpand\pgfsyssoftpath@curvetosuppor
tatoken{\spath@cx pt}{\spath@cy pt}} 
 []


Overfull \hbox (104.54085pt too wide) in paragraph at lines 2651--2651
 [][]  \T1/lmtt/m/n/9 \edef\spath@to@add{\noexpand\pgfsyssoftpath@curvetosuppor
tbtoken{\spath@dx pt}{\spath@dy pt}} 
 []


Overfull \hbox (66.74092pt too wide) in paragraph at lines 2651--2651
 [][]  \T1/lmtt/m/n/9 \edef\spath@to@add{\noexpand\pgfsyssoftpath@curvetotoken{
\spath@ex pt}{\spath@ey pt}} 
 []


Overfull \hbox (104.54085pt too wide) in paragraph at lines 2658--2658
 [][]  \T1/lmtt/m/n/9 \edef\spath@to@add{\noexpand\pgfsyssoftpath@curvetosuppor
tatoken{\spath@fx pt}{\spath@fy pt}} 
 []

[46]
Overfull \hbox (104.54085pt too wide) in paragraph at lines 2681--2681
 [][]  \T1/lmtt/m/n/9 \edef\spath@to@add{\noexpand\pgfsyssoftpath@curvetosuppor
tbtoken{\spath@fx pt}{\spath@fy pt}} 
 []


Overfull \hbox (66.74092pt too wide) in paragraph at lines 2681--2681
 [][]  \T1/lmtt/m/n/9 \edef\spath@to@add{\noexpand\pgfsyssoftpath@curvetotoken{
\spath@ex pt}{\spath@ey pt}} 
 []


Overfull \hbox (104.54085pt too wide) in paragraph at lines 2681--2681
 [][]  \T1/lmtt/m/n/9 \edef\spath@to@add{\noexpand\pgfsyssoftpath@curvetosuppor
tatoken{\spath@dx pt}{\spath@dy pt}} 
 []


Overfull \hbox (104.54085pt too wide) in paragraph at lines 2681--2681
 [][]  \T1/lmtt/m/n/9 \edef\spath@to@add{\noexpand\pgfsyssoftpath@curvetosuppor
tbtoken{\spath@cx pt}{\spath@cy pt}} 
 []


Overfull \hbox (66.74092pt too wide) in paragraph at lines 2681--2681
 [][]  \T1/lmtt/m/n/9 \edef\spath@to@add{\noexpand\pgfsyssoftpath@curvetotoken{
\spath@sx pt}{\spath@sy pt}} 
 []


Overfull \hbox (104.54085pt too wide) in paragraph at lines 2696--2696
 [][]  \T1/lmtt/m/n/9 \edef\spath@to@add{\noexpand\pgfsyssoftpath@curvetosuppor
tatoken{\spath@fx pt}{\spath@fy pt}} 
 []


Overfull \hbox (104.54085pt too wide) in paragraph at lines 2696--2696
 [][]  \T1/lmtt/m/n/9 \edef\spath@to@add{\noexpand\pgfsyssoftpath@curvetosuppor
tbtoken{\spath@fx pt}{\spath@fy pt}} 
 []


Overfull \hbox (66.74092pt too wide) in paragraph at lines 2696--2696
 [][]  \T1/lmtt/m/n/9 \edef\spath@to@add{\noexpand\pgfsyssoftpath@curvetotoken{
\spath@sx pt}{\spath@sy pt}} 
 []


Overfull \hbox (137.61578pt too wide) in paragraph at lines 2722--2722
 [][]\T1/lmtt/m/n/9 \def\spath@split@single@lineto\pgfsyssoftpath@movetotoken#1
#2\pgfsyssoftpath@linetotoken#3#4#5\relax{% 
 []


Overfull \hbox (52.56595pt too wide) in paragraph at lines 2722--2722
 [][]  \T1/lmtt/m/n/9 \pgfmathsetmacro{\spath@sx}{(1-\spath@single@split)*#1 + 
\spath@single@split * #3} 
 []


Overfull \hbox (52.56595pt too wide) in paragraph at lines 2722--2722
 [][]  \T1/lmtt/m/n/9 \pgfmathsetmacro{\spath@sy}{(1-\spath@single@split)*#2 + 
\spath@single@split * #4} 
 []


Overfull \hbox (52.56595pt too wide) in paragraph at lines 2722--2722
 [][]  \T1/lmtt/m/n/9 \pgfmathsetmacro{\spath@ex}{(1-\spath@single@split)*#3 + 
\spath@single@split * #1} 
 []


Overfull \hbox (52.56595pt too wide) in paragraph at lines 2722--2722
 [][]  \T1/lmtt/m/n/9 \pgfmathsetmacro{\spath@ey}{(1-\spath@single@split)*#4 + 
\spath@single@split * #2} 
 []


Overfull \hbox (803.8395pt too wide) in paragraph at lines 2722--2722
 [][]  \T1/lmtt/m/n/9 \edef\spath@tmppath{\noexpand\pgfsyssoftpath@movetotoken{
#1}{#2}\noexpand\pgfsyssoftpath@linetotoken{\spath@sx     pt}{\spath@sy pt}\noe
xpand\pgfsyssoftpath@linetotoken{\spath@ex pt}{\spath@ey pt}\noexpand\pgfsyssof
tpath@linetotoken{#3}{#4}} 
 []


Overfull \hbox (525.06503pt too wide) in paragraph at lines 2737--2737
 [][]\T1/lmtt/m/n/9 \def\spath@split@single@curveto\pgfsyssoftpath@movetotoken#
1#2\pgfsyssoftpath@curvetosupportatoken#3#4\pgfsyssoftpath@curvetosupportbtoken
#5#6\pgfsyssoftpath@curvetotoken#7#8#9\relax{% 
 []


Overfull \hbox (62.01593pt too wide) in paragraph at lines 2737--2737
 [][]  \T1/lmtt/m/n/9 \pgfmathsetmacro{\spath@cx}{(1 - \spath@single@split)*#1 
+ \spath@single@split * #3} 
 []


Overfull \hbox (62.01593pt too wide) in paragraph at lines 2737--2737
 [][]  \T1/lmtt/m/n/9 \pgfmathsetmacro{\spath@cy}{(1 - \spath@single@split)*#2 
+ \spath@single@split * #4} 
 []


Overfull \hbox (359.69035pt too wide) in paragraph at lines 2737--2737
 [][]  \T1/lmtt/m/n/9 \pgfmathsetmacro{\spath@dx}{(1 - \spath@single@split)^2 *
 #1 + 2*\spath@single@split * (1 - \spath@single@split) * #3 + \spath@single@sp
lit^2 * #5} 
 []

[47]
Overfull \hbox (359.69035pt too wide) in paragraph at lines 2737--2737
 [][]  \T1/lmtt/m/n/9 \pgfmathsetmacro{\spath@dy}{(1 - \spath@single@split)^2 *
 #2 + 2*\spath@single@split * (1 - \spath@single@split) * #4 + \spath@single@sp
lit^2 * #6} 
 []


Overfull \hbox (647.9148pt too wide) in paragraph at lines 2737--2737
 [][]  \T1/lmtt/m/n/9 \pgfmathsetmacro{\spath@ex}{(1 - \spath@single@split)^3 *
 #1 + 3*\spath@single@split * (1 - \spath@single@split)^2 * #3 + 3*\spath@singl
e@split^2 * (1 - \spath@single@split) * #5 + \spath@single@split^3 * #7} 
 []


Overfull \hbox (647.9148pt too wide) in paragraph at lines 2737--2737
 [][]  \T1/lmtt/m/n/9 \pgfmathsetmacro{\spath@ey}{(1 - \spath@single@split)^3 *
 #2 + 3*\spath@single@split * (1 - \spath@single@split)^2 * #4 + 3*\spath@singl
e@split^2 * (1 - \spath@single@split) * #6 + \spath@single@split^3 * #8} 
 []


Overfull \hbox (988.11414pt too wide) in paragraph at lines 2737--2737
 [][]  \T1/lmtt/m/n/9 \edef\spath@tmppath{\noexpand\pgfsyssoftpath@movetotoken{
#1}{#2}\noexpand\pgfsyssoftpath@curvetosupportatoken{\spath@cx     pt}{\spath@c
y pt}\noexpand\pgfsyssoftpath@curvetosupportbtoken{\spath@dx pt}{\spath@dy pt}\
noexpand\pgfsyssoftpath@curvetotoken{\spath@ex pt}{\spath@ey pt}} 
 []


Overfull \hbox (1177.11377pt too wide) in paragraph at lines 2755--2755
 [][]  \T1/lmtt/m/n/9 \pgfmathsetmacro{\spath@cx}{(1 - \spath@single@split)^2*\
spath@single@split * #1 + (1 - 3 * \spath@single@split + 5 * \spath@single@spli
t^2 - 3 * \spath@single@split^3) * #3 + (2 * \spath@single@split - 4 * \spath@s
ingle@split^2 + 3 * \spath@single@split^3) * #5 + \spath@single@split^2 * (1 - 
\spath@single@split) * #7} 
 []


Overfull \hbox (1177.11377pt too wide) in paragraph at lines 2755--2755
 [][]  \T1/lmtt/m/n/9 \pgfmathsetmacro{\spath@cy}{(1 - \spath@single@split)^2*\
spath@single@split * #2 + (1 - 3 * \spath@single@split + 5 * \spath@single@spli
t^2 - 3 * \spath@single@split^3) * #4 + (2 * \spath@single@split - 4 * \spath@s
ingle@split^2 + 3 * \spath@single@split^3) * #6 + \spath@single@split^2 * (1 - 
\spath@single@split) * #8} 
 []


Overfull \hbox (1177.11377pt too wide) in paragraph at lines 2755--2755
 [][]  \T1/lmtt/m/n/9 \pgfmathsetmacro{\spath@dx}{(1 - \spath@single@split)^2*\
spath@single@split * #7 + (1 - 3 * \spath@single@split + 5 * \spath@single@spli
t^2 - 3 * \spath@single@split^3) * #5 + (2 * \spath@single@split - 4 * \spath@s
ingle@split^2 + 3 * \spath@single@split^3) * #3 + \spath@single@split^2 * (1 - 
\spath@single@split) * #1} 
 []


Overfull \hbox (1177.11377pt too wide) in paragraph at lines 2755--2755
 [][]  \T1/lmtt/m/n/9 \pgfmathsetmacro{\spath@dy}{(1 - \spath@single@split)^2*\
spath@single@split * #8 + (1 - 3 * \spath@single@split + 5 * \spath@single@spli
t^2 - 3 * \spath@single@split^3) * #6 + (2 * \spath@single@split - 4 * \spath@s
ingle@split^2 + 3 * \spath@single@split^3) * #4 + \spath@single@split^2 * (1 - 
\spath@single@split) * #2} 
 []


Overfull \hbox (666.81476pt too wide) in paragraph at lines 2755--2755
 [][]  \T1/lmtt/m/n/9 \pgfmathsetmacro{\spath@ex}{\spath@single@split^3 * #1 + 
3 * \spath@single@split^2 * (1 - \spath@single@split) * #3 + 3 * \spath@single@
split * (1 - \spath@single@split)^2 * #5 + (1 - \spath@single@split)^3 * #7} 
 []


Overfull \hbox (666.81476pt too wide) in paragraph at lines 2755--2755
 [][]  \T1/lmtt/m/n/9 \pgfmathsetmacro{\spath@ey}{\spath@single@split^3 * #2 + 
3 * \spath@single@split^2 * (1 - \spath@single@split) * #4 + 3 * \spath@single@
split * (1 - \spath@single@split)^2 * #6 + (1 - \spath@single@split)^3 * #8} 
 []


Overfull \hbox (775.48955pt too wide) in paragraph at lines 2755--2755
 [][]  \T1/lmtt/m/n/9 \edef\spath@to@add{\noexpand\pgfsyssoftpath@curvetosuppor
tatoken{\spath@cx     pt}{\spath@cy pt}\noexpand\pgfsyssoftpath@curvetosupportb
token{\spath@dx pt}{\spath@dy pt}\noexpand\pgfsyssoftpath@curvetotoken{\spath@e
x pt}{\spath@ey pt}} 
 []


Overfull \hbox (62.01593pt too wide) in paragraph at lines 2755--2755
 [][]  \T1/lmtt/m/n/9 \pgfmathsetmacro{\spath@dx}{(1 - \spath@single@split)*#7 
+ \spath@single@split * #5} 
 []


Overfull \hbox (62.01593pt too wide) in paragraph at lines 2755--2755
 [][]  \T1/lmtt/m/n/9 \pgfmathsetmacro{\spath@dy}{(1 - \spath@single@split)*#8 
+ \spath@single@split * #6} 
 []


Overfull \hbox (359.69035pt too wide) in paragraph at lines 2755--2755
 [][]  \T1/lmtt/m/n/9 \pgfmathsetmacro{\spath@cx}{(1 - \spath@single@split)^2 *
 #7 + 2*\spath@single@split * (1 - \spath@single@split) * #5 + \spath@single@sp
lit^2 * #3} 
 []


Overfull \hbox (359.69035pt too wide) in paragraph at lines 2755--2755
 [][]  \T1/lmtt/m/n/9 \pgfmathsetmacro{\spath@cy}{(1 - \spath@single@split)^2 *
 #8 + 2*\spath@single@split * (1 - \spath@single@split) * #6 + \spath@single@sp
lit^2 * #4} 
 []


Overfull \hbox (680.98973pt too wide) in paragraph at lines 2755--2755
 [][]  \T1/lmtt/m/n/9 \edef\spath@to@add{\noexpand\pgfsyssoftpath@curvetosuppor
tatoken{\spath@cx     pt}{\spath@cy pt}\noexpand\pgfsyssoftpath@curvetosupportb
token{\spath@dx pt}{\spath@dy pt}\noexpand\pgfsyssoftpath@curvetotoken{#7}{#8}}
 
 []


Overfull \hbox (132.8908pt too wide) in paragraph at lines 2777--2777
 [][]\T1/lmtt/m/n/9 \def\spath@split@first@lineto\pgfsyssoftpath@movetotoken#1#
2\pgfsyssoftpath@linetotoken#3#4#5\relax{% 
 []


Overfull \hbox (52.56595pt too wide) in paragraph at lines 2777--2777
 [][]  \T1/lmtt/m/n/9 \pgfmathsetmacro{\spath@sx}{(1-\spath@single@split)*#1 + 
\spath@single@split * #3} 
 []


Overfull \hbox (52.56595pt too wide) in paragraph at lines 2777--2777
 [][]  \T1/lmtt/m/n/9 \pgfmathsetmacro{\spath@sy}{(1-\spath@single@split)*#2 + 
\spath@single@split * #4} 
 []


Overfull \hbox (543.965pt too wide) in paragraph at lines 2777--2777
 [][]  \T1/lmtt/m/n/9 \edef\spath@split@path@start{\noexpand\pgfsyssoftpath@mov
etotoken{#1}{#2}\noexpand\pgfsyssoftpath@linetotoken{\spath@sx     pt}{\spath@s
y pt}\noexpand\pgfsyssoftpath@linetotoken{#3}{#4}} 
 []


Overfull \hbox (5.31604pt too wide) in paragraph at lines 2777--2777
 [][]  \T1/lmtt/m/n/9 \edef\spath@split@path@end{\noexpand\pgfsyssoftpath@movet
otoken{#3}{#4}} 
 []


Overfull \hbox (137.61578pt too wide) in paragraph at lines 2789--2789
 [][]\T1/lmtt/m/n/9 \def\spath@split@second@lineto\pgfsyssoftpath@movetotoken#1
#2\pgfsyssoftpath@linetotoken#3#4#5\relax{% 
 []


Overfull \hbox (52.56595pt too wide) in paragraph at lines 2789--2789
 [][]  \T1/lmtt/m/n/9 \pgfmathsetmacro{\spath@sx}{(1-\spath@single@split)*#3 + 
\spath@single@split * #1} 
 []


Overfull \hbox (52.56595pt too wide) in paragraph at lines 2789--2789
 [][]  \T1/lmtt/m/n/9 \pgfmathsetmacro{\spath@sy}{(1-\spath@single@split)*#4 + 
\spath@single@split * #2} 
 []


Overfull \hbox (307.71545pt too wide) in paragraph at lines 2789--2789
 [][]  \T1/lmtt/m/n/9 \edef\spath@split@path@end{\noexpand\pgfsyssoftpath@linet
otoken{\spath@sx pt}{\spath@sy pt}\noexpand\pgfsyssoftpath@linetotoken{#3}{#4}}
 
 []


Overfull \hbox (520.34004pt too wide) in paragraph at lines 2814--2814
 [][]\T1/lmtt/m/n/9 \def\spath@split@first@curveto\pgfsyssoftpath@movetotoken#1
#2\pgfsyssoftpath@curvetosupportatoken#3#4\pgfsyssoftpath@curvetosupportbtoken#
5#6\pgfsyssoftpath@curvetotoken#7#8#9\relax{% 
 []


Overfull \hbox (62.01593pt too wide) in paragraph at lines 2814--2814
 [][]  \T1/lmtt/m/n/9 \pgfmathsetmacro{\spath@cx}{(1 - \spath@double@split)*#1 
+ \spath@double@split * #3} 
 []


Overfull \hbox (62.01593pt too wide) in paragraph at lines 2814--2814
 [][]  \T1/lmtt/m/n/9 \pgfmathsetmacro{\spath@cy}{(1 - \spath@double@split)*#2 
+ \spath@double@split * #4} 
 []


Overfull \hbox (359.69035pt too wide) in paragraph at lines 2814--2814
 [][]  \T1/lmtt/m/n/9 \pgfmathsetmacro{\spath@dx}{(1 - \spath@double@split)^2 *
 #1 + 2*\spath@double@split * (1 - \spath@double@split) * #3 + \spath@double@sp
lit^2 * #5} 
 []

[48]
Overfull \hbox (359.69035pt too wide) in paragraph at lines 2814--2814
 [][]  \T1/lmtt/m/n/9 \pgfmathsetmacro{\spath@dy}{(1 - \spath@double@split)^2 *
 #2 + 2*\spath@double@split * (1 - \spath@double@split) * #4 + \spath@double@sp
lit^2 * #6} 
 []


Overfull \hbox (647.9148pt too wide) in paragraph at lines 2814--2814
 [][]  \T1/lmtt/m/n/9 \pgfmathsetmacro{\spath@ex}{(1 - \spath@double@split)^3 *
 #1 + 3*\spath@double@split * (1 - \spath@double@split)^2 * #3 + 3*\spath@doubl
e@split^2 * (1 - \spath@double@split) * #5 + \spath@double@split^3 * #7} 
 []


Overfull \hbox (647.9148pt too wide) in paragraph at lines 2814--2814
 [][]  \T1/lmtt/m/n/9 \pgfmathsetmacro{\spath@ey}{(1 - \spath@double@split)^3 *
 #2 + 3*\spath@double@split * (1 - \spath@double@split)^2 * #4 + 3*\spath@doubl
e@split^2 * (1 - \spath@double@split) * #6 + \spath@double@split^3 * #8} 
 []


Overfull \hbox (1030.63905pt too wide) in paragraph at lines 2814--2814
 [][]  \T1/lmtt/m/n/9 \edef\spath@split@path@start{\noexpand\pgfsyssoftpath@mov
etotoken{#1}{#2}\noexpand\pgfsyssoftpath@curvetosupportatoken{\spath@cx     pt}
{\spath@cy pt}\noexpand\pgfsyssoftpath@curvetosupportbtoken{\spath@dx pt}{\spat
h@dy pt}\noexpand\pgfsyssoftpath@curvetotoken{\spath@ex pt}{\spath@ey pt}} 
 []


Overfull \hbox (62.01593pt too wide) in paragraph at lines 2814--2814
 [][]  \T1/lmtt/m/n/9 \pgfmathsetmacro{\spath@dx}{(1 - \spath@double@split)*#5 
+ \spath@double@split * #7} 
 []


Overfull \hbox (62.01593pt too wide) in paragraph at lines 2814--2814
 [][]  \T1/lmtt/m/n/9 \pgfmathsetmacro{\spath@dy}{(1 - \spath@double@split)*#6 
+ \spath@double@split * #8} 
 []


Overfull \hbox (359.69035pt too wide) in paragraph at lines 2814--2814
 [][]  \T1/lmtt/m/n/9 \pgfmathsetmacro{\spath@cx}{(1 - \spath@double@split)^2 *
 #3 + 2*\spath@double@split * (1 - \spath@double@split) * #5 + \spath@double@sp
lit^2 * #7} 
 []


Overfull \hbox (359.69035pt too wide) in paragraph at lines 2814--2814
 [][]  \T1/lmtt/m/n/9 \pgfmathsetmacro{\spath@cy}{(1 - \spath@double@split)^2 *
 #4 + 2*\spath@double@split * (1 - \spath@double@split) * #6 + \spath@double@sp
lit^2 * #8} 
 []


Overfull \hbox (680.98973pt too wide) in paragraph at lines 2814--2814
 [][]  \T1/lmtt/m/n/9 \edef\spath@to@add{\noexpand\pgfsyssoftpath@curvetosuppor
tatoken{\spath@cx     pt}{\spath@cy pt}\noexpand\pgfsyssoftpath@curvetosupportb
token{\spath@dx pt}{\spath@dy pt}\noexpand\pgfsyssoftpath@curvetotoken{#7}{#8}}
 
 []


Overfull \hbox (5.31604pt too wide) in paragraph at lines 2814--2814
 [][]  \T1/lmtt/m/n/9 \edef\spath@split@path@end{\noexpand\pgfsyssoftpath@movet
otoken{#7}{#8}} 
 []


Overfull \hbox (525.06503pt too wide) in paragraph at lines 2837--2837
 [][]\T1/lmtt/m/n/9 \def\spath@split@second@curveto\pgfsyssoftpath@movetotoken#
1#2\pgfsyssoftpath@curvetosupportatoken#3#4\pgfsyssoftpath@curvetosupportbtoken
#5#6\pgfsyssoftpath@curvetotoken#7#8#9\relax{% 
 []


Overfull \hbox (62.01593pt too wide) in paragraph at lines 2837--2837
 [][]  \T1/lmtt/m/n/9 \pgfmathsetmacro{\spath@cx}{(1 - \spath@double@split)*#1 
+ \spath@double@split * #3} 
 []


Overfull \hbox (62.01593pt too wide) in paragraph at lines 2837--2837
 [][]  \T1/lmtt/m/n/9 \pgfmathsetmacro{\spath@cy}{(1 - \spath@double@split)*#2 
+ \spath@double@split * #4} 
 []


Overfull \hbox (359.69035pt too wide) in paragraph at lines 2837--2837
 [][]  \T1/lmtt/m/n/9 \pgfmathsetmacro{\spath@dx}{(1 - \spath@double@split)^2 *
 #1 + 2*\spath@double@split * (1 - \spath@double@split) * #3 + \spath@double@sp
lit^2 * #5} 
 []


Overfull \hbox (359.69035pt too wide) in paragraph at lines 2837--2837
 [][]  \T1/lmtt/m/n/9 \pgfmathsetmacro{\spath@dy}{(1 - \spath@double@split)^2 *
 #2 + 2*\spath@double@split * (1 - \spath@double@split) * #4 + \spath@double@sp
lit^2 * #6} 
 []


Overfull \hbox (647.9148pt too wide) in paragraph at lines 2837--2837
 [][]  \T1/lmtt/m/n/9 \pgfmathsetmacro{\spath@ex}{(1 - \spath@double@split)^3 *
 #1 + 3*\spath@double@split * (1 - \spath@double@split)^2 * #3 + 3*\spath@doubl
e@split^2 * (1 - \spath@double@split) * #5 + \spath@double@split^3 * #7} 
 []


Overfull \hbox (647.9148pt too wide) in paragraph at lines 2837--2837
 [][]  \T1/lmtt/m/n/9 \pgfmathsetmacro{\spath@ey}{(1 - \spath@double@split)^3 *
 #2 + 3*\spath@double@split * (1 - \spath@double@split)^2 * #4 + 3*\spath@doubl
e@split^2 * (1 - \spath@double@split) * #6 + \spath@double@split^3 * #8} 
 []


Overfull \hbox (813.28947pt too wide) in paragraph at lines 2837--2837
 [][]  \T1/lmtt/m/n/9 \edef\spath@split@path@end{\noexpand\pgfsyssoftpath@curve
tosupportatoken{\spath@cx     pt}{\spath@cy pt}\noexpand\pgfsyssoftpath@curveto
supportbtoken{\spath@dx pt}{\spath@dy pt}\noexpand\pgfsyssoftpath@curvetotoken{
\spath@ex pt}{\spath@ey pt}} 
 []


Overfull \hbox (62.01593pt too wide) in paragraph at lines 2837--2837
 [][]  \T1/lmtt/m/n/9 \pgfmathsetmacro{\spath@dx}{(1 - \spath@double@split)*#5 
+ \spath@double@split * #7} 
 []


Overfull \hbox (62.01593pt too wide) in paragraph at lines 2837--2837
 [][]  \T1/lmtt/m/n/9 \pgfmathsetmacro{\spath@dy}{(1 - \spath@double@split)*#6 
+ \spath@double@split * #8} 
 []


Overfull \hbox (359.69035pt too wide) in paragraph at lines 2837--2837
 [][]  \T1/lmtt/m/n/9 \pgfmathsetmacro{\spath@cx}{(1 - \spath@double@split)^2 *
 #3 + 2*\spath@double@split * (1 - \spath@double@split) * #5 + \spath@double@sp
lit^2 * #7} 
 []


Overfull \hbox (359.69035pt too wide) in paragraph at lines 2837--2837
 [][]  \T1/lmtt/m/n/9 \pgfmathsetmacro{\spath@cy}{(1 - \spath@double@split)^2 *
 #4 + 2*\spath@double@split * (1 - \spath@double@split) * #6 + \spath@double@sp
lit^2 * #8} 
 []


Overfull \hbox (680.98973pt too wide) in paragraph at lines 2837--2837
 [][]  \T1/lmtt/m/n/9 \edef\spath@to@add{\noexpand\pgfsyssoftpath@curvetosuppor
tatoken{\spath@cx     pt}{\spath@cy pt}\noexpand\pgfsyssoftpath@curvetosupportb
token{\spath@dx pt}{\spath@dy pt}\noexpand\pgfsyssoftpath@curvetotoken{#7}{#8}}
 
 []

) [49]
Package atveryend Info: Empty hook `BeforeClearDocument' on input line 118.
Package atveryend Info: Executing hook `AfterLastShipout' on input line 118.
 (./spath.aux)
Package atveryend Info: Executing hook `AtVeryEndDocument' on input line 118.
Package atveryend Info: Executing hook `AtEndAfterFileList' on input line 118.


Package rerunfilecheck Warning: File `spath.out' has changed.
(rerunfilecheck)                Rerun to get outlines right
(rerunfilecheck)                or use package `bookmark'.

Package rerunfilecheck Info: Checksums for `spath.out':
(rerunfilecheck)             Before: <no file>
(rerunfilecheck)             After:  CD71036D33DFEAB51241131998DC5BDB;100.

Package rerunfilecheck Warning: File `spath.hd' has changed. Rerun.

Package rerunfilecheck Info: Checksums for `spath.hd':
(rerunfilecheck)             Before: <no file>
(rerunfilecheck)             After:  D41D8CD98F00B204E9800998ECF8427E;0.
Package atveryend Info: Empty hook `AtVeryVeryEnd' on input line 118.
 ) 
Here is how much of TeX's memory you used:
 20326 strings out of 493014
 352499 string characters out of 6133351
 456095 words of memory out of 5000000
 23477 multiletter control sequences out of 15000+600000
 44426 words of font info for 37 fonts, out of 8000000 for 9000
 1141 hyphenation exceptions out of 8191
 55i,7n,67p,407b,548s stack positions out of 5000i,500n,10000p,200000b,80000s
{/usr/local/texlive/2016/texmf-dist/fonts/enc/dvips/lm/lm-ec.enc}</usr/local/
texlive/2016/texmf-dist/fonts/type1/public/lm/lmbx12.pfb></usr/local/texlive/20
16/texmf-dist/fonts/type1/public/lm/lmr10.pfb></usr/local/texlive/2016/texmf-di
st/fonts/type1/public/lm/lmr12.pfb></usr/local/texlive/2016/texmf-dist/fonts/ty
pe1/public/lm/lmr17.pfb></usr/local/texlive/2016/texmf-dist/fonts/type1/public/
lm/lmr7.pfb></usr/local/texlive/2016/texmf-dist/fonts/type1/public/lm/lmri10.pf
b></usr/local/texlive/2016/texmf-dist/fonts/type1/public/lm/lmss17.pfb></usr/lo
cal/texlive/2016/texmf-dist/fonts/type1/public/lm/lmtt10.pfb></usr/local/texliv
e/2016/texmf-dist/fonts/type1/public/lm/lmtt12.pfb></usr/local/texlive/2016/tex
mf-dist/fonts/type1/public/lm/lmtt9.pfb>
Output written on spath.pdf (49 pages, 285188 bytes).
PDF statistics:
 276 PDF objects out of 1000 (max. 8388607)
 212 compressed objects within 3 object streams
 52 named destinations out of 1000 (max. 500000)
 13 words of extra memory for PDF output out of 10000 (max. 10000000)

