This is pdfTeX, Version 3.14159265-2.6-1.40.17 (TeX Live 2016) (preloaded format=pdflatex 2016.5.22)  2 SEP 2020 15:28
entering extended mode
 \write18 enabled.
 file:line:error style messages enabled.
 %&-line parsing enabled.
**chapter16Problems.tex
(./chapter16Problems.tex
LaTeX2e <2016/03/31>
Babel <3.9r> and hyphenation patterns for 83 language(s) loaded.
(/usr/local/texlive/2016/texmf-dist/tex/latex/subfiles/subfiles.cls
Document Class: subfiles 2012/05/23 Federico Garcia
(/usr/local/texlive/2016/texmf-dist/tex/latex/tools/verbatim.sty
Package: verbatim 2014/10/28 v1.5q LaTeX2e package for verbatim enhancements
\every@verbatim=\toks14
\verbatim@line=\toks15
\verbatim@in@stream=\read1
)
Preamble taken from file `main.tex'

! LaTeX Error: File `main.tex' not found.

Type X to quit or <RETURN> to proceed,
or enter new name. (Default extension: tex)

Enter file name: 
/usr/local/texlive/2016/texmf-dist/tex/latex/subfiles/subfiles.cls:40: Emergenc
y stop.
<read *> 
         
l.40 \input{\preamble@file}
                           ^^M
End of file on the terminal!

 
Here is how much of TeX's memory you used:
 50 strings out of 493014
 1067 string characters out of 6133351
 53601 words of memory out of 5000000
 3683 multiletter control sequences out of 15000+600000
 3640 words of font info for 14 fonts, out of 8000000 for 9000
 1141 hyphenation exceptions out of 8191
 18i,0n,17p,200b,16s stack positions out of 5000i,500n,10000p,200000b,80000s
/usr/local/texlive/2016/texmf-dist/tex/latex/subfiles/subfiles.cls:40:  ==> Fat
al error occurred, no output PDF file produced!
